Change Component Designator: OldDesignator=TP? NewDesignator=TP7
Added Component: Designator=TP6(TESTPOINT_CIRCLE_1MM)
Added Component: Designator=TP8(TESTPOINT_CIRCLE_1MM)
Added Component: Designator=TP9(TESTPOINT_CIRCLE_1MM)
Added Component: Designator=TP10(TESTPOINT_CIRCLE_1MM)
Added Component: Designator=TP11(TESTPOINT_CIRCLE_1MM)
Added Component: Designator=TP12(TESTPOINT_CIRCLE_1MM)
Added Component: Designator=TP13(TESTPOINT_CIRCLE_1MM)
Added Component: Designator=TP14(TESTPOINT_CIRCLE_1MM)
Added Component: Designator=TP15(TESTPOINT_CIRCLE_1MM)
Added Component: Designator=TP16(TESTPOINT_CIRCLE_1MM)
Added Component: Designator=TP17(TESTPOINT_CIRCLE_1MM)
Added Pin To Net: NetName=DH1 Pin=TP6-1
Added Pin To Net: NetName=LX1 Pin=TP7-1
Added Pin To Net: NetName=DL1 Pin=TP8-1
Added Pin To Net: NetName=DH2 Pin=TP9-1
Added Pin To Net: NetName=LX2 Pin=TP10-1
Added Pin To Net: NetName=DL2 Pin=TP11-1
Added Pin To Net: NetName=NetL1_2 Pin=TP12-1
Added Pin To Net: NetName=24V Pin=TP13-1
Added Pin To Net: NetName=FB1 Pin=TP14-1
Added Pin To Net: NetName=NetL2_2 Pin=TP15-1
Added Pin To Net: NetName=24V Pin=TP16-1
Added Pin To Net: NetName=FB2 Pin=TP17-1
Added Member To Class: ClassName=24V Multiphase Buck Member=Component TP5 TESTPOINT_LOOP
Added Member To Class: ClassName=24V Multiphase Buck Member=Component TP6 TESTPOINT_1MM_CIRCLE
Added Member To Class: ClassName=24V Multiphase Buck Member=Component TP8 TESTPOINT_1MM_CIRCLE
Added Member To Class: ClassName=24V Multiphase Buck Member=Component TP9 TESTPOINT_1MM_CIRCLE
Added Member To Class: ClassName=24V Multiphase Buck Member=Component TP10 TESTPOINT_1MM_CIRCLE
Added Member To Class: ClassName=24V Multiphase Buck Member=Component TP11 TESTPOINT_1MM_CIRCLE
Added Member To Class: ClassName=24V Multiphase Buck Member=Component TP12 TESTPOINT_1MM_CIRCLE
Added Member To Class: ClassName=24V Multiphase Buck Member=Component TP13 TESTPOINT_1MM_CIRCLE
Added Member To Class: ClassName=24V Multiphase Buck Member=Component TP14 TESTPOINT_1MM_CIRCLE
Added Member To Class: ClassName=24V Multiphase Buck Member=Component TP15 TESTPOINT_1MM_CIRCLE
Added Member To Class: ClassName=24V Multiphase Buck Member=Component TP16 TESTPOINT_1MM_CIRCLE
Added Member To Class: ClassName=24V Multiphase Buck Member=Component TP17 TESTPOINT_1MM_CIRCLE
