Change Component Designator: OldDesignator=C15 NewDesignator=C24
Change Component Designator: OldDesignator=C16 NewDesignator=C25
Change Component Designator: OldDesignator=C18 NewDesignator=C26
Change Component Designator: OldDesignator=C19 NewDesignator=C27
Change Component Designator: OldDesignator=C20 NewDesignator=C18
Change Component Designator: OldDesignator=C21 NewDesignator=C19
Change Component Designator: OldDesignator=C22 NewDesignator=C20
Change Component Designator: OldDesignator=C23 NewDesignator=C21
Change Component Designator: OldDesignator=C24 NewDesignator=C28
Change Component Designator: OldDesignator=C25 NewDesignator=C15
Change Component Designator: OldDesignator=C26 NewDesignator=C16
Change Component Designator: OldDesignator=C27 NewDesignator=C22
Change Component Designator: OldDesignator=C28 NewDesignator=C23
Change Component Designator: OldDesignator=Q5 NewDesignator=Q7
Change Component Designator: OldDesignator=Q6 NewDesignator=Q8
Change Component Designator: OldDesignator=Q7 NewDesignator=Q5
Change Component Designator: OldDesignator=Q8 NewDesignator=Q6
Change Component Designator: OldDesignator=R10 NewDesignator=R11
Change Component Designator: OldDesignator=R11 NewDesignator=R12
Change Component Designator: OldDesignator=R12 NewDesignator=R14
Change Component Designator: OldDesignator=R13 NewDesignator=R10
Change Component Designator: OldDesignator=R14 NewDesignator=R16
Change Component Designator: OldDesignator=R15 NewDesignator=R17
Change Component Designator: OldDesignator=R16 NewDesignator=R13
Change Component Designator: OldDesignator=R17 NewDesignator=R18
Change Component Designator: OldDesignator=R18 NewDesignator=R15
Change Net Name : Old Net Name=NetC15_2 New Net Name=NetC24_2
Change Net Name : Old Net Name=NetC16_2 New Net Name=NetC25_2
Change Net Name : Old Net Name=NetC18_2 New Net Name=NetC26_2
Change Net Name : Old Net Name=NetC19_2 New Net Name=NetC27_2
Change Net Name : Old Net Name=NetC24_2 New Net Name=NetC28_2
Change Net Name : Old Net Name=NetQ5_1 New Net Name=NetQ7_1
Change Net Name : Old Net Name=NetQ7_1 New Net Name=NetQ5_1
Change Net Name : Old Net Name=NetR12_2 New Net Name=NetR14_2
Change Net Name : Old Net Name=NetR14_2 New Net Name=NetR16_2
Change Net Name : Old Net Name=NetR15_2 New Net Name=NetR17_2
Change Net Name : Old Net Name=NetR16_1 New Net Name=NetR13_1
Change Net Name : Old Net Name=NetR17_2 New Net Name=NetR18_2
