Replace Part C? EMR_Cap in H:\Work\EdgeAI\pipedream\hardware\Altium\Main.SchDoc with EMR_Cap from EMRLibrary.DBLib
Replace Part C? EMR_Cap in H:\Work\EdgeAI\pipedream\hardware\Altium\Main.SchDoc with EMR_Cap from EMRLibrary.DBLib
Replace Part C? EMR_Cap in H:\Work\EdgeAI\pipedream\hardware\Altium\Main.SchDoc with EMR_Cap from EMRLibrary.DBLib
Replace Part C? EMR_Cap in H:\Work\EdgeAI\pipedream\hardware\Altium\Main.SchDoc with EMR_Cap from EMRLibrary.DBLib
Replace Part C? EMR_Cap in H:\Work\EdgeAI\pipedream\hardware\Altium\Main.SchDoc with EMR_Cap from EMRLibrary.DBLib
Replace Part C? EMR_Cap in H:\Work\EdgeAI\pipedream\hardware\Altium\Main.SchDoc with EMR_Cap from EMRLibrary.DBLib
Replace Part C? EMR_Cap in H:\Work\EdgeAI\pipedream\hardware\Altium\Main.SchDoc with EMR_Cap from EMRLibrary.DBLib
Replace Part C? EMR_Cap in H:\Work\EdgeAI\pipedream\hardware\Altium\Main.SchDoc with EMR_Cap from EMRLibrary.DBLib
Replace Part C? EMR_Cap in H:\Work\EdgeAI\pipedream\hardware\Altium\Main.SchDoc with EMR_Cap from EMRLibrary.DBLib
Replace Part C? EMR_Cap in H:\Work\EdgeAI\pipedream\hardware\Altium\Main.SchDoc with EMR_Cap from EMRLibrary.DBLib
Replace Part C? EMR_Cap in H:\Work\EdgeAI\pipedream\hardware\Altium\Main.SchDoc with EMR_Cap from EMRLibrary.DBLib
Replace Part C? EMR_Cap in H:\Work\EdgeAI\pipedream\hardware\Altium\Main.SchDoc with EMR_Cap from EMRLibrary.DBLib
Replace Part C? EMR_Cap in H:\Work\EdgeAI\pipedream\hardware\Altium\Main.SchDoc with EMR_Cap from EMRLibrary.DBLib
Replace Part C? EMR_Cap in H:\Work\EdgeAI\pipedream\hardware\Altium\Main.SchDoc with EMR_Cap from EMRLibrary.DBLib
Replace Part C? EMR_Cap in H:\Work\EdgeAI\pipedream\hardware\Altium\Main.SchDoc with EMR_Cap from EMRLibrary.DBLib
Replace Part C? EMR_Cap in H:\Work\EdgeAI\pipedream\hardware\Altium\Main.SchDoc with EMR_Cap from EMRLibrary.DBLib
Replace Part C? EMR_Cap in H:\Work\EdgeAI\pipedream\hardware\Altium\Main.SchDoc with EMR_Cap from EMRLibrary.DBLib
Replace Part C? EMR_Cap in H:\Work\EdgeAI\pipedream\hardware\Altium\Main.SchDoc with EMR_Cap from EMRLibrary.DBLib
Replace Part C? EMR_Cap in H:\Work\EdgeAI\pipedream\hardware\Altium\Main.SchDoc with EMR_Cap from EMRLibrary.DBLib
Replace Part C? EMR_Cap in H:\Work\EdgeAI\pipedream\hardware\Altium\Main.SchDoc with EMR_Cap from EMRLibrary.DBLib
Replace Part C? EMR_Cap in H:\Work\EdgeAI\pipedream\hardware\Altium\Main.SchDoc with EMR_Cap from EMRLibrary.DBLib
Replace Part C? EMR_Cap in H:\Work\EdgeAI\pipedream\hardware\Altium\Main.SchDoc with EMR_Cap from EMRLibrary.DBLib
Replace Part C? EMR_Cap in H:\Work\EdgeAI\pipedream\hardware\Altium\Main.SchDoc with EMR_Cap from EMRLibrary.DBLib
Replace Part C? EMR_Cap in H:\Work\EdgeAI\pipedream\hardware\Altium\Main.SchDoc with EMR_Cap from EMRLibrary.DBLib
Replace Part C? EMR_Cap in H:\Work\EdgeAI\pipedream\hardware\Altium\Main.SchDoc with EMR_Cap from EMRLibrary.DBLib
Replace Part C? EMR_Cap in H:\Work\EdgeAI\pipedream\hardware\Altium\Main.SchDoc with EMR_Cap from EMRLibrary.DBLib
Replace Part C? EMR_Cap in H:\Work\EdgeAI\pipedream\hardware\Altium\Main.SchDoc with EMR_Cap from EMRLibrary.DBLib
Replace Part D? EMR_Diode in H:\Work\EdgeAI\pipedream\hardware\Altium\Main.SchDoc with EMR_Diode from EMRLibrary.DBLib
Replace Part D? EMR_Diode in H:\Work\EdgeAI\pipedream\hardware\Altium\Main.SchDoc with EMR_Diode from EMRLibrary.DBLib
Replace Part J? TDR in H:\Work\EdgeAI\pipedream\hardware\Altium\Main.SchDoc with TDR from EMRLibrary.DBLib
Replace Part J? 0022035065 in H:\Work\EdgeAI\pipedream\hardware\Altium\Main.SchDoc with 0022035065 from EMRLibrary.DBLib
Replace Part J? 0099990986 in H:\Work\EdgeAI\pipedream\hardware\Altium\Main.SchDoc with 0099990986 from EMRLibrary.DBLib
Replace Part J? 0022035065 in H:\Work\EdgeAI\pipedream\hardware\Altium\Main.SchDoc with 0022035065 from EMRLibrary.DBLib
Replace Part J? 0022035065 in H:\Work\EdgeAI\pipedream\hardware\Altium\Main.SchDoc with 0022035065 from EMRLibrary.DBLib
Replace Part J? 0022035065 in H:\Work\EdgeAI\pipedream\hardware\Altium\Main.SchDoc with 0022035065 from EMRLibrary.DBLib
Replace Part J? 0099990986 in H:\Work\EdgeAI\pipedream\hardware\Altium\Main.SchDoc with 0099990986 from EMRLibrary.DBLib
Replace Part J? 0099990987 in H:\Work\EdgeAI\pipedream\hardware\Altium\Main.SchDoc with 0099990987 from EMRLibrary.DBLib
Replace Part L? EMR_Inductor in H:\Work\EdgeAI\pipedream\hardware\Altium\Main.SchDoc with EMR_Inductor from EMRLibrary.DBLib
Replace Part L? EMR_Inductor in H:\Work\EdgeAI\pipedream\hardware\Altium\Main.SchDoc with EMR_Inductor from EMRLibrary.DBLib
Replace Part L? EMR_Inductor in H:\Work\EdgeAI\pipedream\hardware\Altium\Main.SchDoc with EMR_Inductor from EMRLibrary.DBLib
Replace Part L? EMR_Inductor in H:\Work\EdgeAI\pipedream\hardware\Altium\Main.SchDoc with EMR_Inductor from EMRLibrary.DBLib
Replace Part MH? EMR_MOUNTING_HOLE in H:\Work\EdgeAI\pipedream\hardware\Altium\Main.SchDoc with EMR_MOUNTING_HOLE from EMRLibrary.DBLib
Replace Part MH? EMR_MOUNTING_HOLE in H:\Work\EdgeAI\pipedream\hardware\Altium\Main.SchDoc with EMR_MOUNTING_HOLE from EMRLibrary.DBLib
Replace Part MH? EMR_MOUNTING_HOLE in H:\Work\EdgeAI\pipedream\hardware\Altium\Main.SchDoc with EMR_MOUNTING_HOLE from EMRLibrary.DBLib
Replace Part MH? EMR_MOUNTING_HOLE in H:\Work\EdgeAI\pipedream\hardware\Altium\Main.SchDoc with EMR_MOUNTING_HOLE from EMRLibrary.DBLib
Replace Part MH? EMR_MOUNTING_HOLE in H:\Work\EdgeAI\pipedream\hardware\Altium\Main.SchDoc with EMR_MOUNTING_HOLE from EMRLibrary.DBLib
Replace Part MH? EMR_MOUNTING_HOLE in H:\Work\EdgeAI\pipedream\hardware\Altium\Main.SchDoc with EMR_MOUNTING_HOLE from EMRLibrary.DBLib
Replace Part R? RC0402 in H:\Work\EdgeAI\pipedream\hardware\Altium\Main.SchDoc with RC0402 from EMRLibrary.DBLib
Replace Part R? RC0402 in H:\Work\EdgeAI\pipedream\hardware\Altium\Main.SchDoc with RC0402 from EMRLibrary.DBLib
Replace Part R? RC0402 in H:\Work\EdgeAI\pipedream\hardware\Altium\Main.SchDoc with RC0402 from EMRLibrary.DBLib
Replace Part R? RC0402 in H:\Work\EdgeAI\pipedream\hardware\Altium\Main.SchDoc with RC0402 from EMRLibrary.DBLib
Replace Part R? RC0402 in H:\Work\EdgeAI\pipedream\hardware\Altium\Main.SchDoc with RC0402 from EMRLibrary.DBLib
Replace Part R? RC0402 in H:\Work\EdgeAI\pipedream\hardware\Altium\Main.SchDoc with RC0402 from EMRLibrary.DBLib
Replace Part R? RC0402 in H:\Work\EdgeAI\pipedream\hardware\Altium\Main.SchDoc with RC0402 from EMRLibrary.DBLib
Replace Part R? RC0402 in H:\Work\EdgeAI\pipedream\hardware\Altium\Main.SchDoc with RC0402 from EMRLibrary.DBLib
Replace Part R? RC0402 in H:\Work\EdgeAI\pipedream\hardware\Altium\Main.SchDoc with RC0402 from EMRLibrary.DBLib
Replace Part R? RC0402 in H:\Work\EdgeAI\pipedream\hardware\Altium\Main.SchDoc with RC0402 from EMRLibrary.DBLib
Replace Part R? RC0402 in H:\Work\EdgeAI\pipedream\hardware\Altium\Main.SchDoc with RC0402 from EMRLibrary.DBLib
Replace Part R? RC0402 in H:\Work\EdgeAI\pipedream\hardware\Altium\Main.SchDoc with RC0402 from EMRLibrary.DBLib
Replace Part R? RC0402 in H:\Work\EdgeAI\pipedream\hardware\Altium\Main.SchDoc with RC0402 from EMRLibrary.DBLib
Replace Part R? RC0402 in H:\Work\EdgeAI\pipedream\hardware\Altium\Main.SchDoc with RC0402 from EMRLibrary.DBLib
Replace Part R? RC0402 in H:\Work\EdgeAI\pipedream\hardware\Altium\Main.SchDoc with RC0402 from EMRLibrary.DBLib
Replace Part R? RC0402 in H:\Work\EdgeAI\pipedream\hardware\Altium\Main.SchDoc with RC0402 from EMRLibrary.DBLib
Replace Part R? RC0402 in H:\Work\EdgeAI\pipedream\hardware\Altium\Main.SchDoc with RC0402 from EMRLibrary.DBLib
Replace Part R? RC0402 in H:\Work\EdgeAI\pipedream\hardware\Altium\Main.SchDoc with RC0402 from EMRLibrary.DBLib
Replace Part R? RC0402 in H:\Work\EdgeAI\pipedream\hardware\Altium\Main.SchDoc with RC0402 from EMRLibrary.DBLib
Replace Part R? RC0402 in H:\Work\EdgeAI\pipedream\hardware\Altium\Main.SchDoc with RC0402 from EMRLibrary.DBLib
Replace Part U? AL8861WT-7 in H:\Work\EdgeAI\pipedream\hardware\Altium\Main.SchDoc with AL8861WT-7 from EMRLibrary.DBLib
Replace Part U? TPS565208DDCR in H:\Work\EdgeAI\pipedream\hardware\Altium\Main.SchDoc with TPS565208DDCR from EMRLibrary.DBLib
Replace Part U? DRV8848PWPR in H:\Work\EdgeAI\pipedream\hardware\Altium\Main.SchDoc with DRV8848PWPR from EMRLibrary.DBLib
Replace Part U? TPS562202DRLR in H:\Work\EdgeAI\pipedream\hardware\Altium\Main.SchDoc with TPS562202DRLR from EMRLibrary.DBLib
Replace Part U? DRV8848PWPR in H:\Work\EdgeAI\pipedream\hardware\Altium\Main.SchDoc with DRV8848PWPR from EMRLibrary.DBLib
Replace Part U? AL8861WT-7 in H:\Work\EdgeAI\pipedream\hardware\Altium\Main.SchDoc with AL8861WT-7 from EMRLibrary.DBLib
Replace Part U? PCA9685PW/Q900,118 in H:\Work\EdgeAI\pipedream\hardware\Altium\Main.SchDoc with PCA9685PW/Q900,118 from EMRLibrary.DBLib
