Removed Pin From Net: NetName=A_CW Pin=U5-1
Removed Pin From Net: NetName=A_CCW Pin=U5-2
Removed Pin From Net: NetName=MCLR_n Pin=U5-5
Removed Pin From Net: NetName=OE Pin=U5-6
Removed Pin From Net: NetName=RST Pin=U5-7
Removed Pin From Net: NetName=GPIO4 Pin=U5-8
Removed Pin From Net: NetName=GPIO3 Pin=U5-9
Removed Pin From Net: NetName=GPIO2 Pin=U5-12
Removed Pin From Net: NetName=+3V3 Pin=U5-13
Removed Pin From Net: NetName=GND Pin=U5-14
Removed Pin From Net: NetName=CS Pin=U5-15
Removed Pin From Net: NetName=INT Pin=U5-16
Removed Pin From Net: NetName=GPIO1 Pin=U5-17
Removed Pin From Net: NetName=+3V3 Pin=U5-18
Removed Pin From Net: NetName=GND Pin=U5-19
Removed Pin From Net: NetName=UART_IN Pin=U5-20
Removed Pin From Net: NetName=D_ENC_B Pin=U5-21
Removed Pin From Net: NetName=A_ENC_A Pin=U5-22
Removed Pin From Net: NetName=A_ENC_B Pin=U5-23
Removed Pin From Net: NetName=B_ENC_A Pin=U5-24
Removed Pin From Net: NetName=C_ENC_A Pin=U5-25
Removed Pin From Net: NetName=PGD Pin=U5-26
Removed Pin From Net: NetName=PGC Pin=U5-27
Removed Pin From Net: NetName=SCK Pin=U5-28
Removed Pin From Net: NetName=MISO Pin=U5-29
Removed Pin From Net: NetName=MOSI Pin=U5-30
Removed Pin From Net: NetName=GND Pin=U5-31
Removed Pin From Net: NetName=+3V3 Pin=U5-32
Removed Pin From Net: NetName=LED2 Pin=U5-33
Removed Pin From Net: NetName=LED1 Pin=U5-34
Removed Pin From Net: NetName=D_ENC_A Pin=U5-35
Removed Pin From Net: NetName=SCL Pin=U5-36
Removed Pin From Net: NetName=SDA Pin=U5-37
Removed Pin From Net: NetName=D_CW Pin=U5-38
Removed Pin From Net: NetName=D_CCW Pin=U5-39
Removed Pin From Net: NetName=GND Pin=U5-42
Removed Pin From Net: NetName=+3V3 Pin=U5-43
Removed Pin From Net: NetName=C_CW Pin=U5-45
Removed Pin From Net: NetName=C_CCW Pin=U5-46
Removed Pin From Net: NetName=B_CW Pin=U5-47
Removed Pin From Net: NetName=B_CCW Pin=U5-48
Removed Member From Class: ClassName=Main Member=U5
Added Component: Designator=U?(CQFP50P900X900X120-48N)
Add component (AddParameter): Name = "Case/Package"; Value = ""; VariantName = "[No Variations]"
Add component (AddParameter): Name = "ComponentLink1Description"; Value = ""; VariantName = "[No Variations]"
Add component (AddParameter): Name = "ComponentLink1URL"; Value = "https://datasheet.ciiva.com:443/pdfs/VipMasterIC/IC/MCHP/MCHP-S-A0007771634/MCHP-S-A0007771634-1.pdf?src-supplier=IHS+Markit"; VariantName = "[No Variations]"
Add component (AddParameter): Name = "ComponentLink2URL"; Value = ""; VariantName = "[No Variations]"
Add component (AddParameter): Name = "ComponentLink3URL"; Value = ""; VariantName = "[No Variations]"
Add component (AddParameter): Name = "ComponentLink4URL"; Value = ""; VariantName = "[No Variations]"
Add component (AddParameter): Name = "Interface IC Type"; Value = ""; VariantName = "[No Variations]"
Add component (AddParameter): Name = "Manufacturer"; Value = "Microchip"; VariantName = "[No Variations]"
Add component (AddParameter): Name = "Manufacturer Part Number"; Value = "DSPIC33CK256MP505T-I/PT"; VariantName = "[No Variations]"
Add component (AddParameter): Name = "Min Operating Temperature"; Value = ""; VariantName = "[No Variations]"
Add component (AddParameter): Name = "Mount"; Value = ""; VariantName = "[No Variations]"
Add component (AddParameter): Name = "Number of Pins"; Value = ""; VariantName = "[No Variations]"
Add component (AddParameter): Name = "Package Body Material"; Value = ""; VariantName = "[No Variations]"
Add component (AddParameter): Name = "Package Code"; Value = ""; VariantName = "[No Variations]"
Add component (AddParameter): Name = "Part Number"; Value = "DSPIC33CK256MP505T-I/PT"; VariantName = "[No Variations]"
Add component (AddParameter): Name = "Supplier 1"; Value = "Digi-Key"; VariantName = "[No Variations]"
Add component (AddParameter): Name = "Supplier Part Number 1"; Value = "DSPIC33CK256MP505T-I/PTCT-ND"; VariantName = "[No Variations]"
Add component (AddParameter): Name = "Terminal Finish"; Value = ""; VariantName = "[No Variations]"
Added Pin To Net: NetName=A_CW Pin=U?-1
Added Pin To Net: NetName=A_CCW Pin=U?-2
Added Pin To Net: NetName=MCLR_n Pin=U?-5
Added Pin To Net: NetName=OE Pin=U?-6
Added Pin To Net: NetName=B_ENC_A Pin=U?-7
Added Pin To Net: NetName=GPIO4 Pin=U?-8
Added Pin To Net: NetName=GPIO3 Pin=U?-9
Added Pin To Net: NetName=INT Pin=U?-12
Added Pin To Net: NetName=+3V3 Pin=U?-13
Added Pin To Net: NetName=GND Pin=U?-14
Added Pin To Net: NetName=UART_IN Pin=U?-15
Added Pin To Net: NetName=GPIO2 Pin=U?-16
Added Pin To Net: NetName=GPIO1 Pin=U?-17
Added Pin To Net: NetName=+3V3 Pin=U?-18
Added Pin To Net: NetName=GND Pin=U?-19
Added Pin To Net: NetName=CS Pin=U?-20
Added Pin To Net: NetName=RST Pin=U?-21
Added Pin To Net: NetName=A_ENC_A Pin=U?-22
Added Pin To Net: NetName=A_ENC_B Pin=U?-23
Added Pin To Net: NetName=D_ENC_B Pin=U?-24
Added Pin To Net: NetName=C_ENC_A Pin=U?-25
Added Pin To Net: NetName=PGD Pin=U?-26
Added Pin To Net: NetName=PGC Pin=U?-27
Added Pin To Net: NetName=SCK Pin=U?-28
Added Pin To Net: NetName=MISO Pin=U?-29
Added Pin To Net: NetName=MOSI Pin=U?-30
Added Pin To Net: NetName=GND Pin=U?-31
Added Pin To Net: NetName=+3V3 Pin=U?-32
Added Pin To Net: NetName=LED2 Pin=U?-33
Added Pin To Net: NetName=LED1 Pin=U?-34
Added Pin To Net: NetName=D_ENC_A Pin=U?-35
Added Pin To Net: NetName=SCL Pin=U?-36
Added Pin To Net: NetName=SDA Pin=U?-37
Added Pin To Net: NetName=D_CW Pin=U?-38
Added Pin To Net: NetName=D_CCW Pin=U?-39
Added Pin To Net: NetName=GND Pin=U?-42
Added Pin To Net: NetName=+3V3 Pin=U?-43
Added Pin To Net: NetName=C_CW Pin=U?-45
Added Pin To Net: NetName=C_CCW Pin=U?-46
Added Pin To Net: NetName=B_CW Pin=U?-47
Added Pin To Net: NetName=B_CCW Pin=U?-48
Added Member To Class: ClassName=Main Member=Component U? DSPIC33CK256MP505T-I/PT
