Removed Pin From Net: NetName=+5V Pin=C1-2
Removed Pin From Net: NetName=+3V3 Pin=C14-2
Removed Pin From Net: NetName=NetL1_1 Pin=L1-1
Removed Pin From Net: NetName=NetL2_1 Pin=L2-1
Removed Pin From Net: NetName=NetL1_1 Pin=U1-2
Removed Pin From Net: NetName=NetL2_1 Pin=U4-2
Change Component Designator: OldDesignator=C18 NewDesignator=C19
Change Component Designator: OldDesignator=C19 NewDesignator=C20
Change Component Designator: OldDesignator=C20 NewDesignator=C21
Change Component Designator: OldDesignator=C21 NewDesignator=C22
Change Component Designator: OldDesignator=C22 NewDesignator=C23
Change Component Designator: OldDesignator=C23 NewDesignator=C24
Change Component Designator: OldDesignator=C24 NewDesignator=C25
Change Component Designator: OldDesignator=C25 NewDesignator=C26
Change Component Designator: OldDesignator=C26 NewDesignator=C27
Change Component Designator: OldDesignator=C27 NewDesignator=C28
Change Component Designator: OldDesignator=C28 NewDesignator=C29
Change Component Designator: OldDesignator=C29 NewDesignator=C30
Change Component Designator: OldDesignator=C30 NewDesignator=C31
Change Component Designator: OldDesignator=C31 NewDesignator=C32
Change Component Designator: OldDesignator=C32 NewDesignator=C33
Change Component Designator: OldDesignator=R3 NewDesignator=R4
Change Component Designator: OldDesignator=R4 NewDesignator=R5
Change Component Designator: OldDesignator=R5 NewDesignator=R6
Change Component Designator: OldDesignator=R6 NewDesignator=R3
Change Component Designator: OldDesignator=R7 NewDesignator=R8
Change Component Designator: OldDesignator=R8 NewDesignator=R9
Change Component Designator: OldDesignator=R9 NewDesignator=R10
Change Component Designator: OldDesignator=R10 NewDesignator=R7
Added Component: Designator=C18(C0402)
Add component (AddParameter): Name = "Capacitance"; Value = "20pF"; VariantName = "[No Variations]"
Add component (AddParameter): Name = "Case Code (Imperial)"; Value = "0402"; VariantName = "[No Variations]"
Add component (AddParameter): Name = "Case Code (Metric)"; Value = "1005"; VariantName = "[No Variations]"
Add component (AddParameter): Name = "Case/Package"; Value = "0402"; VariantName = "[No Variations]"
Add component (AddParameter): Name = "ComponentLink1Description"; Value = "https://datasheet.ciiva.com/7656/1132289-7656614.pdf"; VariantName = "[No Variations]"
Add component (AddParameter): Name = "ComponentLink1URL"; Value = "https://datasheet.ciiva.com/7656/1132289-7656614.pdf"; VariantName = "[No Variations]"
Add component (AddParameter): Name = "ComponentLink2Description"; Value = "https://datasheet.ciiva.com/176/mlccorderingcode-176360.pdf"; VariantName = "[No Variations]"
Add component (AddParameter): Name = "ComponentLink2URL"; Value = "https://datasheet.ciiva.com/176/mlccorderingcode-176360.pdf"; VariantName = "[No Variations]"
Add component (AddParameter): Name = "ComponentLink3Description"; Value = "https://datasheet.ciiva.com/176/mlccorderingcode-176361.pdf"; VariantName = "[No Variations]"
Add component (AddParameter): Name = "ComponentLink3URL"; Value = "https://datasheet.ciiva.com/176/mlccorderingcode-176361.pdf"; VariantName = "[No Variations]"
Add component (AddParameter): Name = "ComponentLink4Description"; Value = "https://datasheet.ciiva.com/5427/upy-gp-np0-16v-to-50v-8-3714-5427769.pdf"; VariantName = "[No Variations]"
Add component (AddParameter): Name = "ComponentLink4URL"; Value = "https://datasheet.ciiva.com/5427/upy-gp-np0-16v-to-50v-8-3714-5427769.pdf"; VariantName = "[No Variations]"
Add component (AddParameter): Name = "ComponentLink5Description"; Value = ""; VariantName = "[No Variations]"
Add component (AddParameter): Name = "ComponentLink5URL"; Value = ""; VariantName = "[No Variations]"
Add component (AddParameter): Name = "ComponentLink6URL"; Value = ""; VariantName = "[No Variations]"
Add component (AddParameter): Name = "ComponentLink7URL"; Value = ""; VariantName = "[No Variations]"
Add component (AddParameter): Name = "Contact Plating"; Value = ""; VariantName = "[No Variations]"
Add component (AddParameter): Name = "Depth"; Value = "0.5mm"; VariantName = "[No Variations]"
Add component (AddParameter): Name = "Dielectric"; Value = "C0G"; VariantName = "[No Variations]"
Add component (AddParameter): Name = "Dielectric Material"; Value = ""; VariantName = "[No Variations]"
Add component (AddParameter): Name = "Height"; Value = ""; VariantName = "[No Variations]"
Add component (AddParameter): Name = "Length"; Value = "1mm"; VariantName = "[No Variations]"
Add component (AddParameter): Name = "Manufacturer"; Value = "Yageo"; VariantName = "[No Variations]"
Add component (AddParameter): Name = "Manufacturer Part Number"; Value = "CC0402JRNPO9BN200"; VariantName = "[No Variations]"
Add component (AddParameter): Name = "Max Operating Temperature"; Value = "125°C"; VariantName = "[No Variations]"
Add component (AddParameter): Name = "Min Operating Temperature"; Value = "-55°C"; VariantName = "[No Variations]"
Add component (AddParameter): Name = "Mount"; Value = "Surface Mount"; VariantName = "[No Variations]"
Add component (AddParameter): Name = "Number of Pins"; Value = ""; VariantName = "[No Variations]"
Add component (AddParameter): Name = "Package Quantity"; Value = "1"; VariantName = "[No Variations]"
Add component (AddParameter): Name = "Package Shape"; Value = ""; VariantName = "[No Variations]"
Add component (AddParameter): Name = "Packaging"; Value = "Tape and Reel"; VariantName = "[No Variations]"
Add component (AddParameter): Name = "Part Number"; Value = "CC0402JRNPO9BN200"; VariantName = "[No Variations]"
Add component (AddParameter): Name = "Pricing 1"; Value = "10000=0.0033 (USD)"; VariantName = "[No Variations]"
Add component (AddParameter): Name = "Radiation Hardening"; Value = ""; VariantName = "[No Variations]"
Add component (AddParameter): Name = "Size Code"; Value = ""; VariantName = "[No Variations]"
Add component (AddParameter): Name = "Stock 1"; Value = "0"; VariantName = "[No Variations]"
Add component (AddParameter): Name = "Supplier 1"; Value = "Digi-Key"; VariantName = "[No Variations]"
Add component (AddParameter): Name = "Supplier Part Number 1"; Value = "311-1417-2-ND"; VariantName = "[No Variations]"
Add component (AddParameter): Name = "Thickness"; Value = "0.022inch"; VariantName = "[No Variations]"
Add component (AddParameter): Name = "Tolerance"; Value = "5%"; VariantName = "[No Variations]"
Add component (AddParameter): Name = "Voltage Rating"; Value = "50V"; VariantName = "[No Variations]"
Add component (AddParameter): Name = "Voltage Rating (DC)"; Value = "50V"; VariantName = "[No Variations]"
Add component (AddParameter): Name = "Width"; Value = "0.02inch"; VariantName = "[No Variations]"
Added Pin To Net: NetName=NetL2_1 Pin=C1-2
Added Pin To Net: NetName=NetL1_1 Pin=C14-2
Added Pin To Net: NetName=NetR6_1 Pin=C18-1
Added Pin To Net: NetName=+3V3 Pin=C18-2
Added Pin To Net: NetName=NetL2_1 Pin=L1-1
Added Pin To Net: NetName=NetL1_1 Pin=L2-1
Added Pin To Net: NetName=NetL2_1 Pin=U1-2
Added Pin To Net: NetName=NetL1_1 Pin=U4-2
Change Net Name : Old Net Name=NetC24_2 New Net Name=NetC25_2
Change Net Name : Old Net Name=NetC30_2 New Net Name=NetC31_2
Change Net Name : Old Net Name=NetC32_2 New Net Name=NetC33_2
Change Net Name : Old Net Name=NetL1_1 New Net Name=NetC14_2
Change Net Name : Old Net Name=NetL2_1 New Net Name=NetC1_2
Change Net Name : Old Net Name=NetR3_1 New Net Name=NetR4_1
Change Net Name : Old Net Name=NetR4_1 New Net Name=NetR5_1
Change Net Name : Old Net Name=NetR5_1 New Net Name=NetR6_1
Change Net Name : Old Net Name=NetR6_1 New Net Name=NetC18_1
Change Net Name : Old Net Name=NetR8_2 New Net Name=NetR9_2
Change Net Name : Old Net Name=NetR9_2 New Net Name=NetR10_2
Added Member To Class: ClassName=Main Member=Component C33 100uF
