Replace Part C1 EMR_Cap in H:\Work\EdgeAI\pipedream\hardware\Altium\Main.SchDoc with EMR_Cap from EMRLibrary.DBLib
Replace Part C2 EMR_Cap in H:\Work\EdgeAI\pipedream\hardware\Altium\Main.SchDoc with EMR_Cap from EMRLibrary.DBLib
Replace Part C3 EMR_Cap in H:\Work\EdgeAI\pipedream\hardware\Altium\Main.SchDoc with EMR_Cap from EMRLibrary.DBLib
Replace Part C4 EMR_Cap in H:\Work\EdgeAI\pipedream\hardware\Altium\Main.SchDoc with EMR_Cap from EMRLibrary.DBLib
Replace Part C5 EMR_Cap in H:\Work\EdgeAI\pipedream\hardware\Altium\Main.SchDoc with EMR_Cap from EMRLibrary.DBLib
Replace Part C6 EMR_Cap in H:\Work\EdgeAI\pipedream\hardware\Altium\Main.SchDoc with EMR_Cap from EMRLibrary.DBLib
Replace Part C7 EMR_Cap in H:\Work\EdgeAI\pipedream\hardware\Altium\Main.SchDoc with EMR_Cap from EMRLibrary.DBLib
Replace Part C8 EMR_Cap in H:\Work\EdgeAI\pipedream\hardware\Altium\Main.SchDoc with EMR_Cap from EMRLibrary.DBLib
Replace Part C9 EMR_Cap in H:\Work\EdgeAI\pipedream\hardware\Altium\Main.SchDoc with EMR_Cap from EMRLibrary.DBLib
Replace Part C10 EMR_Cap in H:\Work\EdgeAI\pipedream\hardware\Altium\Main.SchDoc with EMR_Cap from EMRLibrary.DBLib
Replace Part C11 EMR_Cap in H:\Work\EdgeAI\pipedream\hardware\Altium\Main.SchDoc with EMR_Cap from EMRLibrary.DBLib
Replace Part C12 EMR_Cap in H:\Work\EdgeAI\pipedream\hardware\Altium\Main.SchDoc with EMR_Cap from EMRLibrary.DBLib
Replace Part C13 EMR_Cap in H:\Work\EdgeAI\pipedream\hardware\Altium\Main.SchDoc with EMR_Cap from EMRLibrary.DBLib
Replace Part C14 EMR_Cap in H:\Work\EdgeAI\pipedream\hardware\Altium\Main.SchDoc with EMR_Cap from EMRLibrary.DBLib
Replace Part C15 EMR_Cap in H:\Work\EdgeAI\pipedream\hardware\Altium\Main.SchDoc with EMR_Cap from EMRLibrary.DBLib
Replace Part C16 EMR_Cap in H:\Work\EdgeAI\pipedream\hardware\Altium\Main.SchDoc with EMR_Cap from EMRLibrary.DBLib
Replace Part C17 EMR_Cap in H:\Work\EdgeAI\pipedream\hardware\Altium\Main.SchDoc with EMR_Cap from EMRLibrary.DBLib
Replace Part C18 EMR_Cap in H:\Work\EdgeAI\pipedream\hardware\Altium\Main.SchDoc with EMR_Cap from EMRLibrary.DBLib
Replace Part C19 EMR_Cap in H:\Work\EdgeAI\pipedream\hardware\Altium\Main.SchDoc with EMR_Cap from EMRLibrary.DBLib
Replace Part C20 EMR_Cap in H:\Work\EdgeAI\pipedream\hardware\Altium\Main.SchDoc with EMR_Cap from EMRLibrary.DBLib
Replace Part C21 EMR_Cap in H:\Work\EdgeAI\pipedream\hardware\Altium\Main.SchDoc with EMR_Cap from EMRLibrary.DBLib
Replace Part C22 EMR_Cap in H:\Work\EdgeAI\pipedream\hardware\Altium\Main.SchDoc with EMR_Cap from EMRLibrary.DBLib
Replace Part C23 EMR_Cap in H:\Work\EdgeAI\pipedream\hardware\Altium\Main.SchDoc with EMR_Cap from EMRLibrary.DBLib
Replace Part C24 EMR_Cap in H:\Work\EdgeAI\pipedream\hardware\Altium\Main.SchDoc with EMR_Cap from EMRLibrary.DBLib
Replace Part C25 EMR_Cap in H:\Work\EdgeAI\pipedream\hardware\Altium\Main.SchDoc with EMR_Cap from EMRLibrary.DBLib
Replace Part C26 EMR_Cap in H:\Work\EdgeAI\pipedream\hardware\Altium\Main.SchDoc with EMR_Cap from EMRLibrary.DBLib
Replace Part C27 EMR_Cap in H:\Work\EdgeAI\pipedream\hardware\Altium\Main.SchDoc with EMR_Cap from EMRLibrary.DBLib
Replace Part C28 EMR_Cap in H:\Work\EdgeAI\pipedream\hardware\Altium\Main.SchDoc with EMR_Cap from EMRLibrary.DBLib
Replace Part C29 EMR_Cap in H:\Work\EdgeAI\pipedream\hardware\Altium\Main.SchDoc with EMR_Cap from EMRLibrary.DBLib
Replace Part C30 EMR_Cap in H:\Work\EdgeAI\pipedream\hardware\Altium\Main.SchDoc with EMR_Cap from EMRLibrary.DBLib
Replace Part C31 EMR_Cap in H:\Work\EdgeAI\pipedream\hardware\Altium\Main.SchDoc with EMR_Cap from EMRLibrary.DBLib
Replace Part C32 EMR_Cap in H:\Work\EdgeAI\pipedream\hardware\Altium\Main.SchDoc with EMR_Cap from EMRLibrary.DBLib
Replace Part C33 EMR_Cap in H:\Work\EdgeAI\pipedream\hardware\Altium\Main.SchDoc with EMR_Cap from EMRLibrary.DBLib
Replace Part D1 EMR_Diode in H:\Work\EdgeAI\pipedream\hardware\Altium\Main.SchDoc with EMR_Diode from EMRLibrary.DBLib
Replace Part D2 EMR_Diode in H:\Work\EdgeAI\pipedream\hardware\Altium\Main.SchDoc with EMR_Diode from EMRLibrary.DBLib
Replace Part J1 PWR in H:\Work\EdgeAI\pipedream\hardware\Altium\Main.SchDoc with PWR from EMRLibrary.DBLib
Replace Part J2 0022035065 in H:\Work\EdgeAI\pipedream\hardware\Altium\Main.SchDoc with 0022035065 from EMRLibrary.DBLib
Replace Part J3 0022035065 in H:\Work\EdgeAI\pipedream\hardware\Altium\Main.SchDoc with 0022035065 from EMRLibrary.DBLib
Replace Part J4 PICKIT in H:\Work\EdgeAI\pipedream\hardware\Altium\Main.SchDoc with PICKIT from EMRLibrary.DBLib
Replace Part J5 0099990987 in H:\Work\EdgeAI\pipedream\hardware\Altium\Main.SchDoc with 0099990987 from EMRLibrary.DBLib
Replace Part J6 0022035065 in H:\Work\EdgeAI\pipedream\hardware\Altium\Main.SchDoc with 0022035065 from EMRLibrary.DBLib
Replace Part J7 SIP8 in H:\Work\EdgeAI\pipedream\hardware\Altium\Main.SchDoc with SIP8 from EMRLibrary.DBLib
Replace Part J8 0022035065 in H:\Work\EdgeAI\pipedream\hardware\Altium\Main.SchDoc with 0022035065 from EMRLibrary.DBLib
Replace Part J9 SIP8 in H:\Work\EdgeAI\pipedream\hardware\Altium\Main.SchDoc with SIP8 from EMRLibrary.DBLib
Replace Part J10 0099990986 in H:\Work\EdgeAI\pipedream\hardware\Altium\Main.SchDoc with 0099990986 from EMRLibrary.DBLib
Replace Part J11 0099990987 in H:\Work\EdgeAI\pipedream\hardware\Altium\Main.SchDoc with 0099990987 from EMRLibrary.DBLib
Replace Part J12 0099990986 in H:\Work\EdgeAI\pipedream\hardware\Altium\Main.SchDoc with 0099990986 from EMRLibrary.DBLib
Replace Part J13 PWR in H:\Work\EdgeAI\pipedream\hardware\Altium\Main.SchDoc with PWR from EMRLibrary.DBLib
Replace Part L1 EMR_Inductor in H:\Work\EdgeAI\pipedream\hardware\Altium\Main.SchDoc with EMR_Inductor from EMRLibrary.DBLib
Replace Part L2 EMR_Inductor in H:\Work\EdgeAI\pipedream\hardware\Altium\Main.SchDoc with EMR_Inductor from EMRLibrary.DBLib
Replace Part L3 EMR_Inductor in H:\Work\EdgeAI\pipedream\hardware\Altium\Main.SchDoc with EMR_Inductor from EMRLibrary.DBLib
Replace Part L4 EMR_Inductor in H:\Work\EdgeAI\pipedream\hardware\Altium\Main.SchDoc with EMR_Inductor from EMRLibrary.DBLib
Replace Part MH1 EMR_MOUNTING_HOLE in H:\Work\EdgeAI\pipedream\hardware\Altium\Main.SchDoc with EMR_MOUNTING_HOLE from EMRLibrary.DBLib
Replace Part MH2 EMR_MOUNTING_HOLE in H:\Work\EdgeAI\pipedream\hardware\Altium\Main.SchDoc with EMR_MOUNTING_HOLE from EMRLibrary.DBLib
Replace Part MH3 EMR_MOUNTING_HOLE in H:\Work\EdgeAI\pipedream\hardware\Altium\Main.SchDoc with EMR_MOUNTING_HOLE from EMRLibrary.DBLib
Replace Part MH4 EMR_MOUNTING_HOLE in H:\Work\EdgeAI\pipedream\hardware\Altium\Main.SchDoc with EMR_MOUNTING_HOLE from EMRLibrary.DBLib
Replace Part R1 RC0402 in H:\Work\EdgeAI\pipedream\hardware\Altium\Main.SchDoc with RC0402 from EMRLibrary.DBLib
Replace Part R2 RC0402 in H:\Work\EdgeAI\pipedream\hardware\Altium\Main.SchDoc with RC0402 from EMRLibrary.DBLib
Replace Part R3 RC0402 in H:\Work\EdgeAI\pipedream\hardware\Altium\Main.SchDoc with RC0402 from EMRLibrary.DBLib
Replace Part R4 RC0402 in H:\Work\EdgeAI\pipedream\hardware\Altium\Main.SchDoc with RC0402 from EMRLibrary.DBLib
Replace Part R5 RC0402 in H:\Work\EdgeAI\pipedream\hardware\Altium\Main.SchDoc with RC0402 from EMRLibrary.DBLib
Replace Part R6 RC0402 in H:\Work\EdgeAI\pipedream\hardware\Altium\Main.SchDoc with RC0402 from EMRLibrary.DBLib
Replace Part R7 RC0402 in H:\Work\EdgeAI\pipedream\hardware\Altium\Main.SchDoc with RC0402 from EMRLibrary.DBLib
Replace Part R8 RC0402 in H:\Work\EdgeAI\pipedream\hardware\Altium\Main.SchDoc with RC0402 from EMRLibrary.DBLib
Replace Part R9 RC0402 in H:\Work\EdgeAI\pipedream\hardware\Altium\Main.SchDoc with RC0402 from EMRLibrary.DBLib
Replace Part R10 RC0402 in H:\Work\EdgeAI\pipedream\hardware\Altium\Main.SchDoc with RC0402 from EMRLibrary.DBLib
Replace Part R11 RC0402 in H:\Work\EdgeAI\pipedream\hardware\Altium\Main.SchDoc with RC0402 from EMRLibrary.DBLib
Replace Part R12 RC0402 in H:\Work\EdgeAI\pipedream\hardware\Altium\Main.SchDoc with RC0402 from EMRLibrary.DBLib
Replace Part R13 RC0402 in H:\Work\EdgeAI\pipedream\hardware\Altium\Main.SchDoc with RC0402 from EMRLibrary.DBLib
Replace Part R14 RC0402 in H:\Work\EdgeAI\pipedream\hardware\Altium\Main.SchDoc with RC0402 from EMRLibrary.DBLib
Replace Part R15 RC0402 in H:\Work\EdgeAI\pipedream\hardware\Altium\Main.SchDoc with RC0402 from EMRLibrary.DBLib
Replace Part R16 RC0402 in H:\Work\EdgeAI\pipedream\hardware\Altium\Main.SchDoc with RC0402 from EMRLibrary.DBLib
Replace Part R17 RC0402 in H:\Work\EdgeAI\pipedream\hardware\Altium\Main.SchDoc with RC0402 from EMRLibrary.DBLib
Replace Part R18 RC0402 in H:\Work\EdgeAI\pipedream\hardware\Altium\Main.SchDoc with RC0402 from EMRLibrary.DBLib
Replace Part R19 RC0402 in H:\Work\EdgeAI\pipedream\hardware\Altium\Main.SchDoc with RC0402 from EMRLibrary.DBLib
Replace Part R20 RC0402 in H:\Work\EdgeAI\pipedream\hardware\Altium\Main.SchDoc with RC0402 from EMRLibrary.DBLib
Replace Part R21 RC0402 in H:\Work\EdgeAI\pipedream\hardware\Altium\Main.SchDoc with RC0402 from EMRLibrary.DBLib
Replace Part R22 RC0402 in H:\Work\EdgeAI\pipedream\hardware\Altium\Main.SchDoc with RC0402 from EMRLibrary.DBLib
Replace Part R23 RC0402 in H:\Work\EdgeAI\pipedream\hardware\Altium\Main.SchDoc with RC0402 from EMRLibrary.DBLib
Replace Part U1 TPS565208DDCR in H:\Work\EdgeAI\pipedream\hardware\Altium\Main.SchDoc with TPS565208DDCR from EMRLibrary.DBLib
Replace Part U2 PCA9685PW/Q900,118 in H:\Work\EdgeAI\pipedream\hardware\Altium\Main.SchDoc with PCA9685PW/Q900,118 from EMRLibrary.DBLib
Replace Part U3 DRV8848PWPR in H:\Work\EdgeAI\pipedream\hardware\Altium\Main.SchDoc with DRV8848PWPR from EMRLibrary.DBLib
Replace Part U4 TPS562202DRLR in H:\Work\EdgeAI\pipedream\hardware\Altium\Main.SchDoc with TPS562202DRLR from EMRLibrary.DBLib
Replace Part U5 DSPIC33CK256MP505T-I/PT in H:\Work\EdgeAI\pipedream\hardware\Altium\Main.SchDoc with DSPIC33CK256MP505T-I/PT from EMRLibrary.DBLib
Replace Part U6 DRV8848PWPR in H:\Work\EdgeAI\pipedream\hardware\Altium\Main.SchDoc with DRV8848PWPR from EMRLibrary.DBLib
Replace Part U7 AL8861WT-7 in H:\Work\EdgeAI\pipedream\hardware\Altium\Main.SchDoc with AL8861WT-7 from EMRLibrary.DBLib
Replace Part U8 AL8861WT-7 in H:\Work\EdgeAI\pipedream\hardware\Altium\Main.SchDoc with AL8861WT-7 from EMRLibrary.DBLib
