Change Physical Footprint: Designator=C1 Old Footprint=C0402 New Footprint=C0402
Change Physical Footprint: Designator=C2 Old Footprint=C0805 New Footprint=C0805
Change Physical Footprint: Designator=C3 Old Footprint=C0805 New Footprint=C0805
Change Physical Footprint: Designator=C4 Old Footprint=C0402 New Footprint=C0402
Change Physical Footprint: Designator=C5 Old Footprint=C0603 New Footprint=C0603
Change Physical Footprint: Designator=C6 Old Footprint=C0603 New Footprint=C0603
Change Physical Footprint: Designator=C7 Old Footprint=C0402 New Footprint=C0402
Change Physical Footprint: Designator=C8 Old Footprint=C0402 New Footprint=C0402
Change Physical Footprint: Designator=C9 Old Footprint=C0402 New Footprint=C0402
Change Physical Footprint: Designator=C10 Old Footprint=C0402 New Footprint=C0402
Change Physical Footprint: Designator=C11 Old Footprint=C0805 New Footprint=C0805
Change Physical Footprint: Designator=C12 Old Footprint=C0402 New Footprint=C0402
Change Physical Footprint: Designator=C13 Old Footprint=C0402 New Footprint=C0402
Change Physical Footprint: Designator=C14 Old Footprint=C0402 New Footprint=C0402
Change Physical Footprint: Designator=C15 Old Footprint=C0805 New Footprint=C0805
Change Physical Footprint: Designator=C16 Old Footprint=C0805 New Footprint=C0805
Change Physical Footprint: Designator=C17 Old Footprint=C0402 New Footprint=C0402
Change Physical Footprint: Designator=C18 Old Footprint=C0402 New Footprint=C0402
Change Physical Footprint: Designator=C19 Old Footprint=C0603 New Footprint=C0603
Change Physical Footprint: Designator=C20 Old Footprint=C0603 New Footprint=C0603
Change Physical Footprint: Designator=C21 Old Footprint=C0402 New Footprint=C0402
Change Physical Footprint: Designator=C22 Old Footprint=C0402 New Footprint=C0402
Change Physical Footprint: Designator=C23 Old Footprint=C0402 New Footprint=C0402
Change Physical Footprint: Designator=C24 Old Footprint=C0402 New Footprint=C0402
Change Physical Footprint: Designator=C25 Old Footprint=C0402 New Footprint=C0402
Change Physical Footprint: Designator=C26 Old Footprint=C0402 New Footprint=C0402
Change Physical Footprint: Designator=C27 Old Footprint=C0805 New Footprint=C0805
Change Physical Footprint: Designator=C28 Old Footprint=C0402 New Footprint=C0402
Change Physical Footprint: Designator=C29 Old Footprint=C0402 New Footprint=C0402
Change Physical Footprint: Designator=C30 Old Footprint=C0805 New Footprint=C0805
Change Physical Footprint: Designator=C31 Old Footprint=C1206 New Footprint=C1206
Change Physical Footprint: Designator=C32 Old Footprint=C0805 New Footprint=C0805
Change Physical Footprint: Designator=C33 Old Footprint=C1206 New Footprint=C1206
Change Physical Footprint: Designator=D1 Old Footprint=SODFL250X100-2N New Footprint=SODFL250X100-2N
Change Physical Footprint: Designator=D2 Old Footprint=SODFL250X100-2N New Footprint=SODFL250X100-2N
Change Physical Footprint: Designator=J1 Old Footprint=PWR New Footprint=PWR
Change Physical Footprint: Designator=J2 Old Footprint=0022035065 New Footprint=0022035065
Change Physical Footprint: Designator=J3 Old Footprint=0022035065 New Footprint=0022035065
Change Physical Footprint: Designator=J4 Old Footprint=PICKIT New Footprint=PICKIT
Change Physical Footprint: Designator=J5 Old Footprint=0099990987 New Footprint=0099990987
Change Physical Footprint: Designator=J6 Old Footprint=0022035065 New Footprint=0022035065
Change Physical Footprint: Designator=J7 Old Footprint=SIP8 New Footprint=SIP8
Change Physical Footprint: Designator=J8 Old Footprint=0022035065 New Footprint=0022035065
Change Physical Footprint: Designator=J9 Old Footprint=SIP8 New Footprint=SIP8
Change Physical Footprint: Designator=J10 Old Footprint=0099990986 New Footprint=0099990986
Change Physical Footprint: Designator=J11 Old Footprint=0099990987 New Footprint=0099990987
Change Physical Footprint: Designator=J12 Old Footprint=0099990986 New Footprint=0099990986
Change Physical Footprint: Designator=J13 Old Footprint=PWR New Footprint=PWR
Change Physical Footprint: Designator=L1 Old Footprint=INDP8682X40N New Footprint=INDP8682X40N
Change Physical Footprint: Designator=L2 Old Footprint=INDP5858X39N New Footprint=INDP5858X39N
Change Physical Footprint: Designator=L3 Old Footprint=INDP6060X28N New Footprint=INDP6060X28N
Change Physical Footprint: Designator=L4 Old Footprint=INDP6060X28N New Footprint=INDP6060X28N
Change Physical Footprint: Designator=MH1 Old Footprint=MH3MM_5MM New Footprint=MH3MM_5MM
Change Physical Footprint: Designator=MH2 Old Footprint=MH3MM_5MM New Footprint=MH3MM_5MM
Change Physical Footprint: Designator=MH3 Old Footprint=MH3MM_5MM New Footprint=MH3MM_5MM
Change Physical Footprint: Designator=MH4 Old Footprint=MH3MM_5MM New Footprint=MH3MM_5MM
Change Physical Footprint: Designator=R1 Old Footprint=RESC1005X04N New Footprint=RESC1005X04N
Change Physical Footprint: Designator=R2 Old Footprint=RESC1005X04N New Footprint=RESC1005X04N
Change Physical Footprint: Designator=R3 Old Footprint=RESC1005X04N New Footprint=RESC1005X04N
Change Physical Footprint: Designator=R4 Old Footprint=RESC1005X04N New Footprint=RESC1005X04N
Change Physical Footprint: Designator=R6 Old Footprint=RESC1005X04N New Footprint=RESC1005X04N
Change Physical Footprint: Designator=R7 Old Footprint=RESC1005X04N New Footprint=RESC1005X04N
Change Physical Footprint: Designator=R8 Old Footprint=RESC1005X04N New Footprint=RESC1005X04N
Change Physical Footprint: Designator=R9 Old Footprint=RESC1608X06N New Footprint=RESC1608X06N
Change Physical Footprint: Designator=R10 Old Footprint=RESC1608X06N New Footprint=RESC1608X06N
Change Physical Footprint: Designator=R11 Old Footprint=RESC1005X04N New Footprint=RESC1005X04N
Change Physical Footprint: Designator=R12 Old Footprint=RESC1005X04N New Footprint=RESC1005X04N
Change Physical Footprint: Designator=R13 Old Footprint=RESC1005X04N New Footprint=RESC1005X04N
Change Physical Footprint: Designator=R16 Old Footprint=RESC1005X04N New Footprint=RESC1005X04N
Change Physical Footprint: Designator=R17 Old Footprint=RESC1005X04N New Footprint=RESC1005X04N
Change Physical Footprint: Designator=R18 Old Footprint=RESC1608X06N New Footprint=RESC1608X06N
Change Physical Footprint: Designator=R19 Old Footprint=RESC1608X06N New Footprint=RESC1608X06N
Change Physical Footprint: Designator=R20 Old Footprint=RESC1608X06N New Footprint=RESC1608X06N
Change Physical Footprint: Designator=R21 Old Footprint=RESC1005X04N New Footprint=RESC1005X04N
Change Physical Footprint: Designator=R22 Old Footprint=RESC1608X06N New Footprint=RESC1608X06N
Change Physical Footprint: Designator=R23 Old Footprint=RESC1005X04N New Footprint=RESC1005X04N
Change Physical Footprint: Designator=U1 Old Footprint=SOT95P280X110-6N New Footprint=SOT95P280X110-6N
Change Physical Footprint: Designator=U2 Old Footprint=TSOP65P640X110-28N New Footprint=TSOP65P640X110-28N
Change Physical Footprint: Designator=U3 Old Footprint=TSOP65P640X120_HS-17N New Footprint=TSOP65P640X120_HS-17N
Change Physical Footprint: Designator=U4 Old Footprint=SOTFL50P160X60-6N New Footprint=SOTFL50P160X60-6N
Change Physical Footprint: Designator=U5 Old Footprint=CQFP50P900X900X120-48N New Footprint=CQFP50P900X900X120-48N
Change Physical Footprint: Designator=U6 Old Footprint=TSOP65P640X120_HS-17N New Footprint=TSOP65P640X120_HS-17N
Change Physical Footprint: Designator=U7 Old Footprint=SOT95P280X100-5N New Footprint=SOT95P280X100-5N
Change Physical Footprint: Designator=U8 Old Footprint=SOT95P280X100-5N New Footprint=SOT95P280X100-5N
