Change Component Footprint: Designator=D? Old Footprint=DIOM1608X18N New Footprint=EAST2012WA1
Change Component Footprint: Designator=D? Old Footprint=DIOM1608X18N New Footprint=EAST2012WA1
Change Component Footprint: Designator=D? Old Footprint=DIOM1608X18N New Footprint=EAST2012WA1
Change Component Footprint: Designator=D? Old Footprint=DIOM1608X18N New Footprint=EAST2012WA1
Change Component Footprint: Designator=D? Old Footprint=DIOM1608X18N New Footprint=EAST2012WA1
Change Component Footprint: Designator=D? Old Footprint=DIOM1608X18N New Footprint=EAST2012WA1
Change Component Footprint: Designator=D? Old Footprint=DIOM1608X18N New Footprint=EAST2012WA1
Change Component Footprint: Designator=D? Old Footprint=DIOM1608X18N New Footprint=EAST2012WA1
Change Component Footprint: Designator=D? Old Footprint=DIOM1608X18N New Footprint=EAST2012WA1
Change Component Footprint: Designator=D? Old Footprint=DIOM1608X18N New Footprint=EAST2012WA1
Change Component Footprint: Designator=D? Old Footprint=DIOM1608X18N New Footprint=EAST2012WA1
Change Component Footprint: Designator=D? Old Footprint=DIOM1608X18N New Footprint=EAST2012WA1
Change Component Footprint: Designator=D? Old Footprint=DIOM1608X18N New Footprint=EAST2012WA1
Change Component Footprint: Designator=D? Old Footprint=DIOM1608X18N New Footprint=EAST2012WA1
Change Component Footprint: Designator=D? Old Footprint=DIOM1608X18N New Footprint=EAST2012WA1
Change Component Footprint: Designator=D? Old Footprint=DIOM1608X18N New Footprint=EAST2012WA1
Change Component Footprint: Designator=D? Old Footprint=DIOM1608X18N New Footprint=EAST2012WA1
Change Component Footprint: Designator=D? Old Footprint=DIOM1608X18N New Footprint=EAST2012WA1
Change Component Footprint: Designator=D? Old Footprint=DIOM1608X18N New Footprint=EAST2012WA1
Change Component Footprint: Designator=D? Old Footprint=DIOM1608X18N New Footprint=EAST2012WA1
Change Component Footprint: Designator=D? Old Footprint=DIOM1608X18N New Footprint=EAST2012WA1
Change Component Footprint: Designator=D? Old Footprint=DIOM1608X18N New Footprint=EAST2012WA1
Change Component Footprint: Designator=D? Old Footprint=DIOM1608X18N New Footprint=EAST2012WA1
Change Component Footprint: Designator=D? Old Footprint=DIOM1608X18N New Footprint=EAST2012WA1
Change Component Footprint: Designator=D? Old Footprint=DIOM1608X18N New Footprint=EAST2012WA1
Change Component Footprint: Designator=D? Old Footprint=DIOM1608X18N New Footprint=EAST2012WA1
Change Component Footprint: Designator=D? Old Footprint=DIOM1608X18N New Footprint=EAST2012WA1
Change Component Footprint: Designator=D? Old Footprint=DIOM1608X18N New Footprint=EAST2012WA1
Change Component Footprint: Designator=D? Old Footprint=DIOM1608X18N New Footprint=EAST2012WA1
Change Component Footprint: Designator=D? Old Footprint=DIOM1608X18N New Footprint=EAST2012WA1
Change Component Footprint: Designator=D? Old Footprint=DIOM1608X18N New Footprint=EAST2012WA1
Change Component Footprint: Designator=D? Old Footprint=DIOM1608X18N New Footprint=EAST2012WA1
Change Component Footprint: Designator=D? Old Footprint=DIOM1608X18N New Footprint=EAST2012WA1
Change Component Footprint: Designator=D? Old Footprint=DIOM1608X18N New Footprint=EAST2012WA1
Change Component Footprint: Designator=D? Old Footprint=DIOM1608X18N New Footprint=EAST2012WA1
Change Component Footprint: Designator=D? Old Footprint=DIOM1608X18N New Footprint=EAST2012WA1
Change Component Footprint: Designator=D? Old Footprint=DIOM1608X18N New Footprint=EAST2012WA1
Change Component Footprint: Designator=D? Old Footprint=DIOM1608X18N New Footprint=EAST2012WA1
Change Component Footprint: Designator=D? Old Footprint=DIOM1608X18N New Footprint=EAST2012WA1
Change Component Footprint: Designator=D? Old Footprint=DIOM1608X18N New Footprint=EAST2012WA1
Change Component Footprint: Designator=D? Old Footprint=DIOM1608X18N New Footprint=EAST2012WA1
Change Component Footprint: Designator=D? Old Footprint=DIOM1608X18N New Footprint=EAST2012WA1
Change Component Footprint: Designator=D? Old Footprint=DIOM1608X18N New Footprint=SODFL375X135-2N
Change Component Comment : Designator=R? Old Comment=1.2R New Comment=Resistor
Change Component Comment : Designator=D? Old Comment=SML-D12M1WT86 New Comment=Diode
Change Component Comment : Designator=D? Old Comment=SML-D12M1WT86 New Comment=LED
Change Component Comment : Designator=D? Old Comment=SML-D12M1WT86 New Comment=LED
Change Component Comment : Designator=D? Old Comment=SML-D12M1WT86 New Comment=LED
Change Component Comment : Designator=D? Old Comment=SML-D12M1WT86 New Comment=LED
Change Component Comment : Designator=D? Old Comment=SML-D12M1WT86 New Comment=LED
Change Component Comment : Designator=D? Old Comment=SML-D12M1WT86 New Comment=LED
Change Component Comment : Designator=D? Old Comment=SML-D12M1WT86 New Comment=LED
Change Component Comment : Designator=D? Old Comment=SML-D12M1WT86 New Comment=LED
Change Component Comment : Designator=D? Old Comment=SML-D12M1WT86 New Comment=LED
Change Component Comment : Designator=D? Old Comment=SML-D12M1WT86 New Comment=LED
Change Component Comment : Designator=D? Old Comment=SML-D12M1WT86 New Comment=LED
Change Component Comment : Designator=D? Old Comment=SML-D12M1WT86 New Comment=LED
Change Component Comment : Designator=D? Old Comment=SML-D12M1WT86 New Comment=LED
Change Component Comment : Designator=D? Old Comment=SML-D12M1WT86 New Comment=LED
Change Component Comment : Designator=D? Old Comment=SML-D12M1WT86 New Comment=LED
Change Component Comment : Designator=D? Old Comment=SML-D12M1WT86 New Comment=LED
Change Component Comment : Designator=D? Old Comment=SML-D12M1WT86 New Comment=LED
Change Component Comment : Designator=D? Old Comment=SML-D12M1WT86 New Comment=LED
Change Component Comment : Designator=D? Old Comment=SML-D12M1WT86 New Comment=LED
Change Component Comment : Designator=D? Old Comment=SML-D12M1WT86 New Comment=LED
Change Component Comment : Designator=D? Old Comment=SML-D12M1WT86 New Comment=LED
Change Component Comment : Designator=D? Old Comment=SML-D12M1WT86 New Comment=LED
Change Component Comment : Designator=D? Old Comment=SML-D12M1WT86 New Comment=LED
Change Component Comment : Designator=D? Old Comment=SML-D12M1WT86 New Comment=LED
Change Component Comment : Designator=D? Old Comment=SML-D12M1WT86 New Comment=LED
Change Component Comment : Designator=D? Old Comment=SML-D12M1WT86 New Comment=LED
Change Component Comment : Designator=D? Old Comment=SML-D12M1WT86 New Comment=LED
Change Component Comment : Designator=D? Old Comment=SML-D12M1WT86 New Comment=LED
Change Component Comment : Designator=D? Old Comment=SML-D12M1WT86 New Comment=LED
Change Component Comment : Designator=D? Old Comment=SML-D12M1WT86 New Comment=LED
Change Component Comment : Designator=D? Old Comment=SML-D12M1WT86 New Comment=LED
Change Component Comment : Designator=D? Old Comment=SML-D12M1WT86 New Comment=LED
Change Component Comment : Designator=D? Old Comment=SML-D12M1WT86 New Comment=LED
Change Component Comment : Designator=D? Old Comment=SML-D12M1WT86 New Comment=LED
Change Component Comment : Designator=D? Old Comment=SML-D12M1WT86 New Comment=LED
Change Component Comment : Designator=D? Old Comment=SML-D12M1WT86 New Comment=LED
Change Component Comment : Designator=D? Old Comment=SML-D12M1WT86 New Comment=LED
Change Component Comment : Designator=D? Old Comment=SML-D12M1WT86 New Comment=LED
Change Component Comment : Designator=D? Old Comment=SML-D12M1WT86 New Comment=LED
Change Component Comment : Designator=D? Old Comment=SML-D12M1WT86 New Comment=LED
Change Component Comment : Designator=D? Old Comment=SML-D12M1WT86 New Comment=LED
Change Component Comment : Designator=D? Old Comment=SML-D12M1WT86 New Comment=LED
Change component parameters: Designator = "D?" ("D?"); Footprint = "DIOM1608X18N"; UniqueID = "\GZPKKYOK" ("\GZPKKYOK")
Change component parameters (AddParameter): Name = "Manufacturer Part Number"; Value = "CDSW4448-G"; VariantName = "[No Variations]"
Change component parameters (AddParameter): Name = "Package"; Value = "SOD-123"; VariantName = "[No Variations]"
Change component parameters (AddParameter): Name = "Part Number"; Value = "CDSW4448-G"; VariantName = "[No Variations]"
Change component parameters (AddParameter): Name = "Supplier"; Value = "Digi-Key"; VariantName = "[No Variations]"
Change component parameters (AddParameter): Name = "Supplier Part Number"; Value = "641-2069-1-ND"; VariantName = "[No Variations]"
Change component parameters (AddParameter): Name = "Vr"; Value = "75V"; VariantName = "[No Variations]"
Change component parameters (AddParameter): Name = "Vr (Max)"; Value = "75V"; VariantName = "[No Variations]"
Change component parameters: Designator = "D?" ("D?"); Footprint = "DIOM1608X18N"; UniqueID = "\BRUGPBEQ" ("\BRUGPBEQ")
Change component parameters (AddParameter): Name = "Color"; Value = "White"; VariantName = "[No Variations]"
Change component parameters (AddParameter): Name = "Colour"; Value = "White"; VariantName = "[No Variations]"
Change component parameters (AddParameter): Name = "Forward"; Value = "2.8V"; VariantName = "[No Variations]"
Change component parameters (AddParameter): Name = "Manufacturer Part Number"; Value = "EAST2012WA1"; VariantName = "[No Variations]"
Change component parameters (AddParameter): Name = "Part Number"; Value = "EAST2012WA1"; VariantName = "[No Variations]"
Change component parameters (AddParameter): Name = "Size"; Value = "2.00mm L x 1.25mm W"; VariantName = "[No Variations]"
Change component parameters (AddParameter): Name = "Supplier"; Value = "Digi-Key"; VariantName = "[No Variations]"
Change component parameters (AddParameter): Name = "Supplier Part Number"; Value = "1080-EAST2012WA1CT-ND"; VariantName = "[No Variations]"
Change component parameters (AddParameter): Name = "Vf"; Value = "2.8V"; VariantName = "[No Variations]"
Change component parameters: Designator = "D?" ("D?"); Footprint = "DIOM1608X18N"; UniqueID = "\PBLBZHIX" ("\PBLBZHIX")
Change component parameters (AddParameter): Name = "Color"; Value = "White"; VariantName = "[No Variations]"
Change component parameters (AddParameter): Name = "Colour"; Value = "White"; VariantName = "[No Variations]"
Change component parameters (AddParameter): Name = "Forward"; Value = "2.8V"; VariantName = "[No Variations]"
Change component parameters (AddParameter): Name = "Manufacturer Part Number"; Value = "EAST2012WA1"; VariantName = "[No Variations]"
Change component parameters (AddParameter): Name = "Part Number"; Value = "EAST2012WA1"; VariantName = "[No Variations]"
Change component parameters (AddParameter): Name = "Size"; Value = "2.00mm L x 1.25mm W"; VariantName = "[No Variations]"
Change component parameters (AddParameter): Name = "Supplier"; Value = "Digi-Key"; VariantName = "[No Variations]"
Change component parameters (AddParameter): Name = "Supplier Part Number"; Value = "1080-EAST2012WA1CT-ND"; VariantName = "[No Variations]"
Change component parameters (AddParameter): Name = "Vf"; Value = "2.8V"; VariantName = "[No Variations]"
Change component parameters: Designator = "D?" ("D?"); Footprint = "DIOM1608X18N"; UniqueID = "\PGQJIQKP" ("\PGQJIQKP")
Change component parameters (AddParameter): Name = "Color"; Value = "White"; VariantName = "[No Variations]"
Change component parameters (AddParameter): Name = "Colour"; Value = "White"; VariantName = "[No Variations]"
Change component parameters (AddParameter): Name = "Forward"; Value = "2.8V"; VariantName = "[No Variations]"
Change component parameters (AddParameter): Name = "Manufacturer Part Number"; Value = "EAST2012WA1"; VariantName = "[No Variations]"
Change component parameters (AddParameter): Name = "Part Number"; Value = "EAST2012WA1"; VariantName = "[No Variations]"
Change component parameters (AddParameter): Name = "Size"; Value = "2.00mm L x 1.25mm W"; VariantName = "[No Variations]"
Change component parameters (AddParameter): Name = "Supplier"; Value = "Digi-Key"; VariantName = "[No Variations]"
Change component parameters (AddParameter): Name = "Supplier Part Number"; Value = "1080-EAST2012WA1CT-ND"; VariantName = "[No Variations]"
Change component parameters (AddParameter): Name = "Vf"; Value = "2.8V"; VariantName = "[No Variations]"
Change component parameters: Designator = "D?" ("D?"); Footprint = "DIOM1608X18N"; UniqueID = "\YFYKIAFB" ("\YFYKIAFB")
Change component parameters (AddParameter): Name = "Color"; Value = "White"; VariantName = "[No Variations]"
Change component parameters (AddParameter): Name = "Colour"; Value = "White"; VariantName = "[No Variations]"
Change component parameters (AddParameter): Name = "Forward"; Value = "2.8V"; VariantName = "[No Variations]"
Change component parameters (AddParameter): Name = "Manufacturer Part Number"; Value = "EAST2012WA1"; VariantName = "[No Variations]"
Change component parameters (AddParameter): Name = "Part Number"; Value = "EAST2012WA1"; VariantName = "[No Variations]"
Change component parameters (AddParameter): Name = "Size"; Value = "2.00mm L x 1.25mm W"; VariantName = "[No Variations]"
Change component parameters (AddParameter): Name = "Supplier"; Value = "Digi-Key"; VariantName = "[No Variations]"
Change component parameters (AddParameter): Name = "Supplier Part Number"; Value = "1080-EAST2012WA1CT-ND"; VariantName = "[No Variations]"
Change component parameters (AddParameter): Name = "Vf"; Value = "2.8V"; VariantName = "[No Variations]"
Change component parameters: Designator = "D?" ("D?"); Footprint = "DIOM1608X18N"; UniqueID = "\HVBRWHKQ" ("\HVBRWHKQ")
Change component parameters (AddParameter): Name = "Color"; Value = "White"; VariantName = "[No Variations]"
Change component parameters (AddParameter): Name = "Colour"; Value = "White"; VariantName = "[No Variations]"
Change component parameters (AddParameter): Name = "Forward"; Value = "2.8V"; VariantName = "[No Variations]"
Change component parameters (AddParameter): Name = "Manufacturer Part Number"; Value = "EAST2012WA1"; VariantName = "[No Variations]"
Change component parameters (AddParameter): Name = "Part Number"; Value = "EAST2012WA1"; VariantName = "[No Variations]"
Change component parameters (AddParameter): Name = "Size"; Value = "2.00mm L x 1.25mm W"; VariantName = "[No Variations]"
Change component parameters (AddParameter): Name = "Supplier"; Value = "Digi-Key"; VariantName = "[No Variations]"
Change component parameters (AddParameter): Name = "Supplier Part Number"; Value = "1080-EAST2012WA1CT-ND"; VariantName = "[No Variations]"
Change component parameters (AddParameter): Name = "Vf"; Value = "2.8V"; VariantName = "[No Variations]"
Change component parameters: Designator = "D?" ("D?"); Footprint = "DIOM1608X18N"; UniqueID = "\AVIURVIT" ("\AVIURVIT")
Change component parameters (AddParameter): Name = "Color"; Value = "White"; VariantName = "[No Variations]"
Change component parameters (AddParameter): Name = "Colour"; Value = "White"; VariantName = "[No Variations]"
Change component parameters (AddParameter): Name = "Forward"; Value = "2.8V"; VariantName = "[No Variations]"
Change component parameters (AddParameter): Name = "Manufacturer Part Number"; Value = "EAST2012WA1"; VariantName = "[No Variations]"
Change component parameters (AddParameter): Name = "Part Number"; Value = "EAST2012WA1"; VariantName = "[No Variations]"
Change component parameters (AddParameter): Name = "Size"; Value = "2.00mm L x 1.25mm W"; VariantName = "[No Variations]"
Change component parameters (AddParameter): Name = "Supplier"; Value = "Digi-Key"; VariantName = "[No Variations]"
Change component parameters (AddParameter): Name = "Supplier Part Number"; Value = "1080-EAST2012WA1CT-ND"; VariantName = "[No Variations]"
Change component parameters (AddParameter): Name = "Vf"; Value = "2.8V"; VariantName = "[No Variations]"
Change component parameters: Designator = "D?" ("D?"); Footprint = "DIOM1608X18N"; UniqueID = "\XEWZTVMV" ("\XEWZTVMV")
Change component parameters (AddParameter): Name = "Color"; Value = "White"; VariantName = "[No Variations]"
Change component parameters (AddParameter): Name = "Colour"; Value = "White"; VariantName = "[No Variations]"
Change component parameters (AddParameter): Name = "Forward"; Value = "2.8V"; VariantName = "[No Variations]"
Change component parameters (AddParameter): Name = "Manufacturer Part Number"; Value = "EAST2012WA1"; VariantName = "[No Variations]"
Change component parameters (AddParameter): Name = "Part Number"; Value = "EAST2012WA1"; VariantName = "[No Variations]"
Change component parameters (AddParameter): Name = "Size"; Value = "2.00mm L x 1.25mm W"; VariantName = "[No Variations]"
Change component parameters (AddParameter): Name = "Supplier"; Value = "Digi-Key"; VariantName = "[No Variations]"
Change component parameters (AddParameter): Name = "Supplier Part Number"; Value = "1080-EAST2012WA1CT-ND"; VariantName = "[No Variations]"
Change component parameters (AddParameter): Name = "Vf"; Value = "2.8V"; VariantName = "[No Variations]"
Change component parameters: Designator = "D?" ("D?"); Footprint = "DIOM1608X18N"; UniqueID = "\VIBXIGSS" ("\VIBXIGSS")
Change component parameters (AddParameter): Name = "Color"; Value = "White"; VariantName = "[No Variations]"
Change component parameters (AddParameter): Name = "Colour"; Value = "White"; VariantName = "[No Variations]"
Change component parameters (AddParameter): Name = "Forward"; Value = "2.8V"; VariantName = "[No Variations]"
Change component parameters (AddParameter): Name = "Manufacturer Part Number"; Value = "EAST2012WA1"; VariantName = "[No Variations]"
Change component parameters (AddParameter): Name = "Part Number"; Value = "EAST2012WA1"; VariantName = "[No Variations]"
Change component parameters (AddParameter): Name = "Size"; Value = "2.00mm L x 1.25mm W"; VariantName = "[No Variations]"
Change component parameters (AddParameter): Name = "Supplier"; Value = "Digi-Key"; VariantName = "[No Variations]"
Change component parameters (AddParameter): Name = "Supplier Part Number"; Value = "1080-EAST2012WA1CT-ND"; VariantName = "[No Variations]"
Change component parameters (AddParameter): Name = "Vf"; Value = "2.8V"; VariantName = "[No Variations]"
Change component parameters: Designator = "D?" ("D?"); Footprint = "DIOM1608X18N"; UniqueID = "\FNGFJRAQ" ("\FNGFJRAQ")
Change component parameters (AddParameter): Name = "Color"; Value = "White"; VariantName = "[No Variations]"
Change component parameters (AddParameter): Name = "Colour"; Value = "White"; VariantName = "[No Variations]"
Change component parameters (AddParameter): Name = "Forward"; Value = "2.8V"; VariantName = "[No Variations]"
Change component parameters (AddParameter): Name = "Manufacturer Part Number"; Value = "EAST2012WA1"; VariantName = "[No Variations]"
Change component parameters (AddParameter): Name = "Part Number"; Value = "EAST2012WA1"; VariantName = "[No Variations]"
Change component parameters (AddParameter): Name = "Size"; Value = "2.00mm L x 1.25mm W"; VariantName = "[No Variations]"
Change component parameters (AddParameter): Name = "Supplier"; Value = "Digi-Key"; VariantName = "[No Variations]"
Change component parameters (AddParameter): Name = "Supplier Part Number"; Value = "1080-EAST2012WA1CT-ND"; VariantName = "[No Variations]"
Change component parameters (AddParameter): Name = "Vf"; Value = "2.8V"; VariantName = "[No Variations]"
Change component parameters: Designator = "D?" ("D?"); Footprint = "DIOM1608X18N"; UniqueID = "\KKROGLLM" ("\KKROGLLM")
Change component parameters (AddParameter): Name = "Color"; Value = "White"; VariantName = "[No Variations]"
Change component parameters (AddParameter): Name = "Colour"; Value = "White"; VariantName = "[No Variations]"
Change component parameters (AddParameter): Name = "Forward"; Value = "2.8V"; VariantName = "[No Variations]"
Change component parameters (AddParameter): Name = "Manufacturer Part Number"; Value = "EAST2012WA1"; VariantName = "[No Variations]"
Change component parameters (AddParameter): Name = "Part Number"; Value = "EAST2012WA1"; VariantName = "[No Variations]"
Change component parameters (AddParameter): Name = "Size"; Value = "2.00mm L x 1.25mm W"; VariantName = "[No Variations]"
Change component parameters (AddParameter): Name = "Supplier"; Value = "Digi-Key"; VariantName = "[No Variations]"
Change component parameters (AddParameter): Name = "Supplier Part Number"; Value = "1080-EAST2012WA1CT-ND"; VariantName = "[No Variations]"
Change component parameters (AddParameter): Name = "Vf"; Value = "2.8V"; VariantName = "[No Variations]"
Change component parameters: Designator = "D?" ("D?"); Footprint = "DIOM1608X18N"; UniqueID = "\KPLMCIDJ" ("\KPLMCIDJ")
Change component parameters (AddParameter): Name = "Color"; Value = "White"; VariantName = "[No Variations]"
Change component parameters (AddParameter): Name = "Colour"; Value = "White"; VariantName = "[No Variations]"
Change component parameters (AddParameter): Name = "Forward"; Value = "2.8V"; VariantName = "[No Variations]"
Change component parameters (AddParameter): Name = "Manufacturer Part Number"; Value = "EAST2012WA1"; VariantName = "[No Variations]"
Change component parameters (AddParameter): Name = "Part Number"; Value = "EAST2012WA1"; VariantName = "[No Variations]"
Change component parameters (AddParameter): Name = "Size"; Value = "2.00mm L x 1.25mm W"; VariantName = "[No Variations]"
Change component parameters (AddParameter): Name = "Supplier"; Value = "Digi-Key"; VariantName = "[No Variations]"
Change component parameters (AddParameter): Name = "Supplier Part Number"; Value = "1080-EAST2012WA1CT-ND"; VariantName = "[No Variations]"
Change component parameters (AddParameter): Name = "Vf"; Value = "2.8V"; VariantName = "[No Variations]"
Change component parameters: Designator = "D?" ("D?"); Footprint = "DIOM1608X18N"; UniqueID = "\WFDSHMXA" ("\WFDSHMXA")
Change component parameters (AddParameter): Name = "Color"; Value = "White"; VariantName = "[No Variations]"
Change component parameters (AddParameter): Name = "Colour"; Value = "White"; VariantName = "[No Variations]"
Change component parameters (AddParameter): Name = "Forward"; Value = "2.8V"; VariantName = "[No Variations]"
Change component parameters (AddParameter): Name = "Manufacturer Part Number"; Value = "EAST2012WA1"; VariantName = "[No Variations]"
Change component parameters (AddParameter): Name = "Part Number"; Value = "EAST2012WA1"; VariantName = "[No Variations]"
Change component parameters (AddParameter): Name = "Size"; Value = "2.00mm L x 1.25mm W"; VariantName = "[No Variations]"
Change component parameters (AddParameter): Name = "Supplier"; Value = "Digi-Key"; VariantName = "[No Variations]"
Change component parameters (AddParameter): Name = "Supplier Part Number"; Value = "1080-EAST2012WA1CT-ND"; VariantName = "[No Variations]"
Change component parameters (AddParameter): Name = "Vf"; Value = "2.8V"; VariantName = "[No Variations]"
Change component parameters: Designator = "D?" ("D?"); Footprint = "DIOM1608X18N"; UniqueID = "\RDBBKBVK" ("\RDBBKBVK")
Change component parameters (AddParameter): Name = "Color"; Value = "White"; VariantName = "[No Variations]"
Change component parameters (AddParameter): Name = "Colour"; Value = "White"; VariantName = "[No Variations]"
Change component parameters (AddParameter): Name = "Forward"; Value = "2.8V"; VariantName = "[No Variations]"
Change component parameters (AddParameter): Name = "Manufacturer Part Number"; Value = "EAST2012WA1"; VariantName = "[No Variations]"
Change component parameters (AddParameter): Name = "Part Number"; Value = "EAST2012WA1"; VariantName = "[No Variations]"
Change component parameters (AddParameter): Name = "Size"; Value = "2.00mm L x 1.25mm W"; VariantName = "[No Variations]"
Change component parameters (AddParameter): Name = "Supplier"; Value = "Digi-Key"; VariantName = "[No Variations]"
Change component parameters (AddParameter): Name = "Supplier Part Number"; Value = "1080-EAST2012WA1CT-ND"; VariantName = "[No Variations]"
Change component parameters (AddParameter): Name = "Vf"; Value = "2.8V"; VariantName = "[No Variations]"
Change component parameters: Designator = "D?" ("D?"); Footprint = "DIOM1608X18N"; UniqueID = "\IVPAPORI" ("\IVPAPORI")
Change component parameters (AddParameter): Name = "Color"; Value = "White"; VariantName = "[No Variations]"
Change component parameters (AddParameter): Name = "Colour"; Value = "White"; VariantName = "[No Variations]"
Change component parameters (AddParameter): Name = "Forward"; Value = "2.8V"; VariantName = "[No Variations]"
Change component parameters (AddParameter): Name = "Manufacturer Part Number"; Value = "EAST2012WA1"; VariantName = "[No Variations]"
Change component parameters (AddParameter): Name = "Part Number"; Value = "EAST2012WA1"; VariantName = "[No Variations]"
Change component parameters (AddParameter): Name = "Size"; Value = "2.00mm L x 1.25mm W"; VariantName = "[No Variations]"
Change component parameters (AddParameter): Name = "Supplier"; Value = "Digi-Key"; VariantName = "[No Variations]"
Change component parameters (AddParameter): Name = "Supplier Part Number"; Value = "1080-EAST2012WA1CT-ND"; VariantName = "[No Variations]"
Change component parameters (AddParameter): Name = "Vf"; Value = "2.8V"; VariantName = "[No Variations]"
Change component parameters: Designator = "D?" ("D?"); Footprint = "DIOM1608X18N"; UniqueID = "\NOAXCWEE" ("\NOAXCWEE")
Change component parameters (AddParameter): Name = "Color"; Value = "White"; VariantName = "[No Variations]"
Change component parameters (AddParameter): Name = "Colour"; Value = "White"; VariantName = "[No Variations]"
Change component parameters (AddParameter): Name = "Forward"; Value = "2.8V"; VariantName = "[No Variations]"
Change component parameters (AddParameter): Name = "Manufacturer Part Number"; Value = "EAST2012WA1"; VariantName = "[No Variations]"
Change component parameters (AddParameter): Name = "Part Number"; Value = "EAST2012WA1"; VariantName = "[No Variations]"
Change component parameters (AddParameter): Name = "Size"; Value = "2.00mm L x 1.25mm W"; VariantName = "[No Variations]"
Change component parameters (AddParameter): Name = "Supplier"; Value = "Digi-Key"; VariantName = "[No Variations]"
Change component parameters (AddParameter): Name = "Supplier Part Number"; Value = "1080-EAST2012WA1CT-ND"; VariantName = "[No Variations]"
Change component parameters (AddParameter): Name = "Vf"; Value = "2.8V"; VariantName = "[No Variations]"
Change component parameters: Designator = "D?" ("D?"); Footprint = "DIOM1608X18N"; UniqueID = "\JHNZKOOY" ("\JHNZKOOY")
Change component parameters (AddParameter): Name = "Color"; Value = "White"; VariantName = "[No Variations]"
Change component parameters (AddParameter): Name = "Colour"; Value = "White"; VariantName = "[No Variations]"
Change component parameters (AddParameter): Name = "Forward"; Value = "2.8V"; VariantName = "[No Variations]"
Change component parameters (AddParameter): Name = "Manufacturer Part Number"; Value = "EAST2012WA1"; VariantName = "[No Variations]"
Change component parameters (AddParameter): Name = "Part Number"; Value = "EAST2012WA1"; VariantName = "[No Variations]"
Change component parameters (AddParameter): Name = "Size"; Value = "2.00mm L x 1.25mm W"; VariantName = "[No Variations]"
Change component parameters (AddParameter): Name = "Supplier"; Value = "Digi-Key"; VariantName = "[No Variations]"
Change component parameters (AddParameter): Name = "Supplier Part Number"; Value = "1080-EAST2012WA1CT-ND"; VariantName = "[No Variations]"
Change component parameters (AddParameter): Name = "Vf"; Value = "2.8V"; VariantName = "[No Variations]"
Change component parameters: Designator = "D?" ("D?"); Footprint = "DIOM1608X18N"; UniqueID = "\FTMZTSNZ" ("\FTMZTSNZ")
Change component parameters (AddParameter): Name = "Color"; Value = "White"; VariantName = "[No Variations]"
Change component parameters (AddParameter): Name = "Colour"; Value = "White"; VariantName = "[No Variations]"
Change component parameters (AddParameter): Name = "Forward"; Value = "2.8V"; VariantName = "[No Variations]"
Change component parameters (AddParameter): Name = "Manufacturer Part Number"; Value = "EAST2012WA1"; VariantName = "[No Variations]"
Change component parameters (AddParameter): Name = "Part Number"; Value = "EAST2012WA1"; VariantName = "[No Variations]"
Change component parameters (AddParameter): Name = "Size"; Value = "2.00mm L x 1.25mm W"; VariantName = "[No Variations]"
Change component parameters (AddParameter): Name = "Supplier"; Value = "Digi-Key"; VariantName = "[No Variations]"
Change component parameters (AddParameter): Name = "Supplier Part Number"; Value = "1080-EAST2012WA1CT-ND"; VariantName = "[No Variations]"
Change component parameters (AddParameter): Name = "Vf"; Value = "2.8V"; VariantName = "[No Variations]"
Change component parameters: Designator = "D?" ("D?"); Footprint = "DIOM1608X18N"; UniqueID = "\ZDTBNMKP" ("\ZDTBNMKP")
Change component parameters (AddParameter): Name = "Color"; Value = "White"; VariantName = "[No Variations]"
Change component parameters (AddParameter): Name = "Colour"; Value = "White"; VariantName = "[No Variations]"
Change component parameters (AddParameter): Name = "Forward"; Value = "2.8V"; VariantName = "[No Variations]"
Change component parameters (AddParameter): Name = "Manufacturer Part Number"; Value = "EAST2012WA1"; VariantName = "[No Variations]"
Change component parameters (AddParameter): Name = "Part Number"; Value = "EAST2012WA1"; VariantName = "[No Variations]"
Change component parameters (AddParameter): Name = "Size"; Value = "2.00mm L x 1.25mm W"; VariantName = "[No Variations]"
Change component parameters (AddParameter): Name = "Supplier"; Value = "Digi-Key"; VariantName = "[No Variations]"
Change component parameters (AddParameter): Name = "Supplier Part Number"; Value = "1080-EAST2012WA1CT-ND"; VariantName = "[No Variations]"
Change component parameters (AddParameter): Name = "Vf"; Value = "2.8V"; VariantName = "[No Variations]"
Change component parameters: Designator = "D?" ("D?"); Footprint = "DIOM1608X18N"; UniqueID = "\YHZMPJYC" ("\YHZMPJYC")
Change component parameters (AddParameter): Name = "Color"; Value = "White"; VariantName = "[No Variations]"
Change component parameters (AddParameter): Name = "Colour"; Value = "White"; VariantName = "[No Variations]"
Change component parameters (AddParameter): Name = "Forward"; Value = "2.8V"; VariantName = "[No Variations]"
Change component parameters (AddParameter): Name = "Manufacturer Part Number"; Value = "EAST2012WA1"; VariantName = "[No Variations]"
Change component parameters (AddParameter): Name = "Part Number"; Value = "EAST2012WA1"; VariantName = "[No Variations]"
Change component parameters (AddParameter): Name = "Size"; Value = "2.00mm L x 1.25mm W"; VariantName = "[No Variations]"
Change component parameters (AddParameter): Name = "Supplier"; Value = "Digi-Key"; VariantName = "[No Variations]"
Change component parameters (AddParameter): Name = "Supplier Part Number"; Value = "1080-EAST2012WA1CT-ND"; VariantName = "[No Variations]"
Change component parameters (AddParameter): Name = "Vf"; Value = "2.8V"; VariantName = "[No Variations]"
Change component parameters: Designator = "D?" ("D?"); Footprint = "DIOM1608X18N"; UniqueID = "\EBAIVRQY" ("\EBAIVRQY")
Change component parameters (AddParameter): Name = "Color"; Value = "White"; VariantName = "[No Variations]"
Change component parameters (AddParameter): Name = "Colour"; Value = "White"; VariantName = "[No Variations]"
Change component parameters (AddParameter): Name = "Forward"; Value = "2.8V"; VariantName = "[No Variations]"
Change component parameters (AddParameter): Name = "Manufacturer Part Number"; Value = "EAST2012WA1"; VariantName = "[No Variations]"
Change component parameters (AddParameter): Name = "Part Number"; Value = "EAST2012WA1"; VariantName = "[No Variations]"
Change component parameters (AddParameter): Name = "Size"; Value = "2.00mm L x 1.25mm W"; VariantName = "[No Variations]"
Change component parameters (AddParameter): Name = "Supplier"; Value = "Digi-Key"; VariantName = "[No Variations]"
Change component parameters (AddParameter): Name = "Supplier Part Number"; Value = "1080-EAST2012WA1CT-ND"; VariantName = "[No Variations]"
Change component parameters (AddParameter): Name = "Vf"; Value = "2.8V"; VariantName = "[No Variations]"
Change component parameters: Designator = "D?" ("D?"); Footprint = "DIOM1608X18N"; UniqueID = "\ACHNSFWX" ("\ACHNSFWX")
Change component parameters (AddParameter): Name = "Color"; Value = "White"; VariantName = "[No Variations]"
Change component parameters (AddParameter): Name = "Colour"; Value = "White"; VariantName = "[No Variations]"
Change component parameters (AddParameter): Name = "Forward"; Value = "2.8V"; VariantName = "[No Variations]"
Change component parameters (AddParameter): Name = "Manufacturer Part Number"; Value = "EAST2012WA1"; VariantName = "[No Variations]"
Change component parameters (AddParameter): Name = "Part Number"; Value = "EAST2012WA1"; VariantName = "[No Variations]"
Change component parameters (AddParameter): Name = "Size"; Value = "2.00mm L x 1.25mm W"; VariantName = "[No Variations]"
Change component parameters (AddParameter): Name = "Supplier"; Value = "Digi-Key"; VariantName = "[No Variations]"
Change component parameters (AddParameter): Name = "Supplier Part Number"; Value = "1080-EAST2012WA1CT-ND"; VariantName = "[No Variations]"
Change component parameters (AddParameter): Name = "Vf"; Value = "2.8V"; VariantName = "[No Variations]"
Change component parameters: Designator = "D?" ("D?"); Footprint = "DIOM1608X18N"; UniqueID = "\INPOLIIC" ("\INPOLIIC")
Change component parameters (AddParameter): Name = "Color"; Value = "White"; VariantName = "[No Variations]"
Change component parameters (AddParameter): Name = "Colour"; Value = "White"; VariantName = "[No Variations]"
Change component parameters (AddParameter): Name = "Forward"; Value = "2.8V"; VariantName = "[No Variations]"
Change component parameters (AddParameter): Name = "Manufacturer Part Number"; Value = "EAST2012WA1"; VariantName = "[No Variations]"
Change component parameters (AddParameter): Name = "Part Number"; Value = "EAST2012WA1"; VariantName = "[No Variations]"
Change component parameters (AddParameter): Name = "Size"; Value = "2.00mm L x 1.25mm W"; VariantName = "[No Variations]"
Change component parameters (AddParameter): Name = "Supplier"; Value = "Digi-Key"; VariantName = "[No Variations]"
Change component parameters (AddParameter): Name = "Supplier Part Number"; Value = "1080-EAST2012WA1CT-ND"; VariantName = "[No Variations]"
Change component parameters (AddParameter): Name = "Vf"; Value = "2.8V"; VariantName = "[No Variations]"
Change component parameters: Designator = "D?" ("D?"); Footprint = "DIOM1608X18N"; UniqueID = "\VGKMERXF" ("\VGKMERXF")
Change component parameters (AddParameter): Name = "Color"; Value = "White"; VariantName = "[No Variations]"
Change component parameters (AddParameter): Name = "Colour"; Value = "White"; VariantName = "[No Variations]"
Change component parameters (AddParameter): Name = "Forward"; Value = "2.8V"; VariantName = "[No Variations]"
Change component parameters (AddParameter): Name = "Manufacturer Part Number"; Value = "EAST2012WA1"; VariantName = "[No Variations]"
Change component parameters (AddParameter): Name = "Part Number"; Value = "EAST2012WA1"; VariantName = "[No Variations]"
Change component parameters (AddParameter): Name = "Size"; Value = "2.00mm L x 1.25mm W"; VariantName = "[No Variations]"
Change component parameters (AddParameter): Name = "Supplier"; Value = "Digi-Key"; VariantName = "[No Variations]"
Change component parameters (AddParameter): Name = "Supplier Part Number"; Value = "1080-EAST2012WA1CT-ND"; VariantName = "[No Variations]"
Change component parameters (AddParameter): Name = "Vf"; Value = "2.8V"; VariantName = "[No Variations]"
Change component parameters: Designator = "D?" ("D?"); Footprint = "DIOM1608X18N"; UniqueID = "\TVDXVXVX" ("\TVDXVXVX")
Change component parameters (AddParameter): Name = "Color"; Value = "White"; VariantName = "[No Variations]"
Change component parameters (AddParameter): Name = "Colour"; Value = "White"; VariantName = "[No Variations]"
Change component parameters (AddParameter): Name = "Forward"; Value = "2.8V"; VariantName = "[No Variations]"
Change component parameters (AddParameter): Name = "Manufacturer Part Number"; Value = "EAST2012WA1"; VariantName = "[No Variations]"
Change component parameters (AddParameter): Name = "Part Number"; Value = "EAST2012WA1"; VariantName = "[No Variations]"
Change component parameters (AddParameter): Name = "Size"; Value = "2.00mm L x 1.25mm W"; VariantName = "[No Variations]"
Change component parameters (AddParameter): Name = "Supplier"; Value = "Digi-Key"; VariantName = "[No Variations]"
Change component parameters (AddParameter): Name = "Supplier Part Number"; Value = "1080-EAST2012WA1CT-ND"; VariantName = "[No Variations]"
Change component parameters (AddParameter): Name = "Vf"; Value = "2.8V"; VariantName = "[No Variations]"
Change component parameters: Designator = "D?" ("D?"); Footprint = "DIOM1608X18N"; UniqueID = "\XGGOSQAL" ("\XGGOSQAL")
Change component parameters (AddParameter): Name = "Color"; Value = "White"; VariantName = "[No Variations]"
Change component parameters (AddParameter): Name = "Colour"; Value = "White"; VariantName = "[No Variations]"
Change component parameters (AddParameter): Name = "Forward"; Value = "2.8V"; VariantName = "[No Variations]"
Change component parameters (AddParameter): Name = "Manufacturer Part Number"; Value = "EAST2012WA1"; VariantName = "[No Variations]"
Change component parameters (AddParameter): Name = "Part Number"; Value = "EAST2012WA1"; VariantName = "[No Variations]"
Change component parameters (AddParameter): Name = "Size"; Value = "2.00mm L x 1.25mm W"; VariantName = "[No Variations]"
Change component parameters (AddParameter): Name = "Supplier"; Value = "Digi-Key"; VariantName = "[No Variations]"
Change component parameters (AddParameter): Name = "Supplier Part Number"; Value = "1080-EAST2012WA1CT-ND"; VariantName = "[No Variations]"
Change component parameters (AddParameter): Name = "Vf"; Value = "2.8V"; VariantName = "[No Variations]"
Change component parameters: Designator = "D?" ("D?"); Footprint = "DIOM1608X18N"; UniqueID = "\DMXPJKSD" ("\DMXPJKSD")
Change component parameters (AddParameter): Name = "Color"; Value = "White"; VariantName = "[No Variations]"
Change component parameters (AddParameter): Name = "Colour"; Value = "White"; VariantName = "[No Variations]"
Change component parameters (AddParameter): Name = "Forward"; Value = "2.8V"; VariantName = "[No Variations]"
Change component parameters (AddParameter): Name = "Manufacturer Part Number"; Value = "EAST2012WA1"; VariantName = "[No Variations]"
Change component parameters (AddParameter): Name = "Part Number"; Value = "EAST2012WA1"; VariantName = "[No Variations]"
Change component parameters (AddParameter): Name = "Size"; Value = "2.00mm L x 1.25mm W"; VariantName = "[No Variations]"
Change component parameters (AddParameter): Name = "Supplier"; Value = "Digi-Key"; VariantName = "[No Variations]"
Change component parameters (AddParameter): Name = "Supplier Part Number"; Value = "1080-EAST2012WA1CT-ND"; VariantName = "[No Variations]"
Change component parameters (AddParameter): Name = "Vf"; Value = "2.8V"; VariantName = "[No Variations]"
Change component parameters: Designator = "D?" ("D?"); Footprint = "DIOM1608X18N"; UniqueID = "\RFDDKXKR" ("\RFDDKXKR")
Change component parameters (AddParameter): Name = "Color"; Value = "White"; VariantName = "[No Variations]"
Change component parameters (AddParameter): Name = "Colour"; Value = "White"; VariantName = "[No Variations]"
Change component parameters (AddParameter): Name = "Forward"; Value = "2.8V"; VariantName = "[No Variations]"
Change component parameters (AddParameter): Name = "Manufacturer Part Number"; Value = "EAST2012WA1"; VariantName = "[No Variations]"
Change component parameters (AddParameter): Name = "Part Number"; Value = "EAST2012WA1"; VariantName = "[No Variations]"
Change component parameters (AddParameter): Name = "Size"; Value = "2.00mm L x 1.25mm W"; VariantName = "[No Variations]"
Change component parameters (AddParameter): Name = "Supplier"; Value = "Digi-Key"; VariantName = "[No Variations]"
Change component parameters (AddParameter): Name = "Supplier Part Number"; Value = "1080-EAST2012WA1CT-ND"; VariantName = "[No Variations]"
Change component parameters (AddParameter): Name = "Vf"; Value = "2.8V"; VariantName = "[No Variations]"
Change component parameters: Designator = "D?" ("D?"); Footprint = "DIOM1608X18N"; UniqueID = "\VCZHWVSM" ("\VCZHWVSM")
Change component parameters (AddParameter): Name = "Color"; Value = "White"; VariantName = "[No Variations]"
Change component parameters (AddParameter): Name = "Colour"; Value = "White"; VariantName = "[No Variations]"
Change component parameters (AddParameter): Name = "Forward"; Value = "2.8V"; VariantName = "[No Variations]"
Change component parameters (AddParameter): Name = "Manufacturer Part Number"; Value = "EAST2012WA1"; VariantName = "[No Variations]"
Change component parameters (AddParameter): Name = "Part Number"; Value = "EAST2012WA1"; VariantName = "[No Variations]"
Change component parameters (AddParameter): Name = "Size"; Value = "2.00mm L x 1.25mm W"; VariantName = "[No Variations]"
Change component parameters (AddParameter): Name = "Supplier"; Value = "Digi-Key"; VariantName = "[No Variations]"
Change component parameters (AddParameter): Name = "Supplier Part Number"; Value = "1080-EAST2012WA1CT-ND"; VariantName = "[No Variations]"
Change component parameters (AddParameter): Name = "Vf"; Value = "2.8V"; VariantName = "[No Variations]"
Change component parameters: Designator = "D?" ("D?"); Footprint = "DIOM1608X18N"; UniqueID = "\UTDMVRER" ("\UTDMVRER")
Change component parameters (AddParameter): Name = "Color"; Value = "White"; VariantName = "[No Variations]"
Change component parameters (AddParameter): Name = "Colour"; Value = "White"; VariantName = "[No Variations]"
Change component parameters (AddParameter): Name = "Forward"; Value = "2.8V"; VariantName = "[No Variations]"
Change component parameters (AddParameter): Name = "Manufacturer Part Number"; Value = "EAST2012WA1"; VariantName = "[No Variations]"
Change component parameters (AddParameter): Name = "Part Number"; Value = "EAST2012WA1"; VariantName = "[No Variations]"
Change component parameters (AddParameter): Name = "Size"; Value = "2.00mm L x 1.25mm W"; VariantName = "[No Variations]"
Change component parameters (AddParameter): Name = "Supplier"; Value = "Digi-Key"; VariantName = "[No Variations]"
Change component parameters (AddParameter): Name = "Supplier Part Number"; Value = "1080-EAST2012WA1CT-ND"; VariantName = "[No Variations]"
Change component parameters (AddParameter): Name = "Vf"; Value = "2.8V"; VariantName = "[No Variations]"
Change component parameters: Designator = "D?" ("D?"); Footprint = "DIOM1608X18N"; UniqueID = "\GYNFUXCA" ("\GYNFUXCA")
Change component parameters (AddParameter): Name = "Color"; Value = "White"; VariantName = "[No Variations]"
Change component parameters (AddParameter): Name = "Colour"; Value = "White"; VariantName = "[No Variations]"
Change component parameters (AddParameter): Name = "Forward"; Value = "2.8V"; VariantName = "[No Variations]"
Change component parameters (AddParameter): Name = "Manufacturer Part Number"; Value = "EAST2012WA1"; VariantName = "[No Variations]"
Change component parameters (AddParameter): Name = "Part Number"; Value = "EAST2012WA1"; VariantName = "[No Variations]"
Change component parameters (AddParameter): Name = "Size"; Value = "2.00mm L x 1.25mm W"; VariantName = "[No Variations]"
Change component parameters (AddParameter): Name = "Supplier"; Value = "Digi-Key"; VariantName = "[No Variations]"
Change component parameters (AddParameter): Name = "Supplier Part Number"; Value = "1080-EAST2012WA1CT-ND"; VariantName = "[No Variations]"
Change component parameters (AddParameter): Name = "Vf"; Value = "2.8V"; VariantName = "[No Variations]"
Change component parameters: Designator = "D?" ("D?"); Footprint = "DIOM1608X18N"; UniqueID = "\SVZSRKNL" ("\SVZSRKNL")
Change component parameters (AddParameter): Name = "Color"; Value = "White"; VariantName = "[No Variations]"
Change component parameters (AddParameter): Name = "Colour"; Value = "White"; VariantName = "[No Variations]"
Change component parameters (AddParameter): Name = "Forward"; Value = "2.8V"; VariantName = "[No Variations]"
Change component parameters (AddParameter): Name = "Manufacturer Part Number"; Value = "EAST2012WA1"; VariantName = "[No Variations]"
Change component parameters (AddParameter): Name = "Part Number"; Value = "EAST2012WA1"; VariantName = "[No Variations]"
Change component parameters (AddParameter): Name = "Size"; Value = "2.00mm L x 1.25mm W"; VariantName = "[No Variations]"
Change component parameters (AddParameter): Name = "Supplier"; Value = "Digi-Key"; VariantName = "[No Variations]"
Change component parameters (AddParameter): Name = "Supplier Part Number"; Value = "1080-EAST2012WA1CT-ND"; VariantName = "[No Variations]"
Change component parameters (AddParameter): Name = "Vf"; Value = "2.8V"; VariantName = "[No Variations]"
Change component parameters: Designator = "D?" ("D?"); Footprint = "DIOM1608X18N"; UniqueID = "\HVHSWYOT" ("\HVHSWYOT")
Change component parameters (AddParameter): Name = "Color"; Value = "White"; VariantName = "[No Variations]"
Change component parameters (AddParameter): Name = "Colour"; Value = "White"; VariantName = "[No Variations]"
Change component parameters (AddParameter): Name = "Forward"; Value = "2.8V"; VariantName = "[No Variations]"
Change component parameters (AddParameter): Name = "Manufacturer Part Number"; Value = "EAST2012WA1"; VariantName = "[No Variations]"
Change component parameters (AddParameter): Name = "Part Number"; Value = "EAST2012WA1"; VariantName = "[No Variations]"
Change component parameters (AddParameter): Name = "Size"; Value = "2.00mm L x 1.25mm W"; VariantName = "[No Variations]"
Change component parameters (AddParameter): Name = "Supplier"; Value = "Digi-Key"; VariantName = "[No Variations]"
Change component parameters (AddParameter): Name = "Supplier Part Number"; Value = "1080-EAST2012WA1CT-ND"; VariantName = "[No Variations]"
Change component parameters (AddParameter): Name = "Vf"; Value = "2.8V"; VariantName = "[No Variations]"
Change component parameters: Designator = "D?" ("D?"); Footprint = "DIOM1608X18N"; UniqueID = "\BODJQUBU" ("\BODJQUBU")
Change component parameters (AddParameter): Name = "Color"; Value = "White"; VariantName = "[No Variations]"
Change component parameters (AddParameter): Name = "Colour"; Value = "White"; VariantName = "[No Variations]"
Change component parameters (AddParameter): Name = "Forward"; Value = "2.8V"; VariantName = "[No Variations]"
Change component parameters (AddParameter): Name = "Manufacturer Part Number"; Value = "EAST2012WA1"; VariantName = "[No Variations]"
Change component parameters (AddParameter): Name = "Part Number"; Value = "EAST2012WA1"; VariantName = "[No Variations]"
Change component parameters (AddParameter): Name = "Size"; Value = "2.00mm L x 1.25mm W"; VariantName = "[No Variations]"
Change component parameters (AddParameter): Name = "Supplier"; Value = "Digi-Key"; VariantName = "[No Variations]"
Change component parameters (AddParameter): Name = "Supplier Part Number"; Value = "1080-EAST2012WA1CT-ND"; VariantName = "[No Variations]"
Change component parameters (AddParameter): Name = "Vf"; Value = "2.8V"; VariantName = "[No Variations]"
Change component parameters: Designator = "D?" ("D?"); Footprint = "DIOM1608X18N"; UniqueID = "\HQBMQMPO" ("\HQBMQMPO")
Change component parameters (AddParameter): Name = "Color"; Value = "White"; VariantName = "[No Variations]"
Change component parameters (AddParameter): Name = "Colour"; Value = "White"; VariantName = "[No Variations]"
Change component parameters (AddParameter): Name = "Forward"; Value = "2.8V"; VariantName = "[No Variations]"
Change component parameters (AddParameter): Name = "Manufacturer Part Number"; Value = "EAST2012WA1"; VariantName = "[No Variations]"
Change component parameters (AddParameter): Name = "Part Number"; Value = "EAST2012WA1"; VariantName = "[No Variations]"
Change component parameters (AddParameter): Name = "Size"; Value = "2.00mm L x 1.25mm W"; VariantName = "[No Variations]"
Change component parameters (AddParameter): Name = "Supplier"; Value = "Digi-Key"; VariantName = "[No Variations]"
Change component parameters (AddParameter): Name = "Supplier Part Number"; Value = "1080-EAST2012WA1CT-ND"; VariantName = "[No Variations]"
Change component parameters (AddParameter): Name = "Vf"; Value = "2.8V"; VariantName = "[No Variations]"
Change component parameters: Designator = "D?" ("D?"); Footprint = "DIOM1608X18N"; UniqueID = "\HKLDSUPK" ("\HKLDSUPK")
Change component parameters (AddParameter): Name = "Color"; Value = "White"; VariantName = "[No Variations]"
Change component parameters (AddParameter): Name = "Colour"; Value = "White"; VariantName = "[No Variations]"
Change component parameters (AddParameter): Name = "Forward"; Value = "2.8V"; VariantName = "[No Variations]"
Change component parameters (AddParameter): Name = "Manufacturer Part Number"; Value = "EAST2012WA1"; VariantName = "[No Variations]"
Change component parameters (AddParameter): Name = "Part Number"; Value = "EAST2012WA1"; VariantName = "[No Variations]"
Change component parameters (AddParameter): Name = "Size"; Value = "2.00mm L x 1.25mm W"; VariantName = "[No Variations]"
Change component parameters (AddParameter): Name = "Supplier"; Value = "Digi-Key"; VariantName = "[No Variations]"
Change component parameters (AddParameter): Name = "Supplier Part Number"; Value = "1080-EAST2012WA1CT-ND"; VariantName = "[No Variations]"
Change component parameters (AddParameter): Name = "Vf"; Value = "2.8V"; VariantName = "[No Variations]"
Change component parameters: Designator = "D?" ("D?"); Footprint = "DIOM1608X18N"; UniqueID = "\ECQEQFFS" ("\ECQEQFFS")
Change component parameters (AddParameter): Name = "Color"; Value = "White"; VariantName = "[No Variations]"
Change component parameters (AddParameter): Name = "Colour"; Value = "White"; VariantName = "[No Variations]"
Change component parameters (AddParameter): Name = "Forward"; Value = "2.8V"; VariantName = "[No Variations]"
Change component parameters (AddParameter): Name = "Manufacturer Part Number"; Value = "EAST2012WA1"; VariantName = "[No Variations]"
Change component parameters (AddParameter): Name = "Part Number"; Value = "EAST2012WA1"; VariantName = "[No Variations]"
Change component parameters (AddParameter): Name = "Size"; Value = "2.00mm L x 1.25mm W"; VariantName = "[No Variations]"
Change component parameters (AddParameter): Name = "Supplier"; Value = "Digi-Key"; VariantName = "[No Variations]"
Change component parameters (AddParameter): Name = "Supplier Part Number"; Value = "1080-EAST2012WA1CT-ND"; VariantName = "[No Variations]"
Change component parameters (AddParameter): Name = "Vf"; Value = "2.8V"; VariantName = "[No Variations]"
Change component parameters: Designator = "D?" ("D?"); Footprint = "DIOM1608X18N"; UniqueID = "\RCRQDUCQ" ("\RCRQDUCQ")
Change component parameters (AddParameter): Name = "Color"; Value = "White"; VariantName = "[No Variations]"
Change component parameters (AddParameter): Name = "Colour"; Value = "White"; VariantName = "[No Variations]"
Change component parameters (AddParameter): Name = "Forward"; Value = "2.8V"; VariantName = "[No Variations]"
Change component parameters (AddParameter): Name = "Manufacturer Part Number"; Value = "EAST2012WA1"; VariantName = "[No Variations]"
Change component parameters (AddParameter): Name = "Part Number"; Value = "EAST2012WA1"; VariantName = "[No Variations]"
Change component parameters (AddParameter): Name = "Size"; Value = "2.00mm L x 1.25mm W"; VariantName = "[No Variations]"
Change component parameters (AddParameter): Name = "Supplier"; Value = "Digi-Key"; VariantName = "[No Variations]"
Change component parameters (AddParameter): Name = "Supplier Part Number"; Value = "1080-EAST2012WA1CT-ND"; VariantName = "[No Variations]"
Change component parameters (AddParameter): Name = "Vf"; Value = "2.8V"; VariantName = "[No Variations]"
Change component parameters: Designator = "D?" ("D?"); Footprint = "DIOM1608X18N"; UniqueID = "\TZGFOIQM" ("\TZGFOIQM")
Change component parameters (AddParameter): Name = "Color"; Value = "White"; VariantName = "[No Variations]"
Change component parameters (AddParameter): Name = "Colour"; Value = "White"; VariantName = "[No Variations]"
Change component parameters (AddParameter): Name = "Forward"; Value = "2.8V"; VariantName = "[No Variations]"
Change component parameters (AddParameter): Name = "Manufacturer Part Number"; Value = "EAST2012WA1"; VariantName = "[No Variations]"
Change component parameters (AddParameter): Name = "Part Number"; Value = "EAST2012WA1"; VariantName = "[No Variations]"
Change component parameters (AddParameter): Name = "Size"; Value = "2.00mm L x 1.25mm W"; VariantName = "[No Variations]"
Change component parameters (AddParameter): Name = "Supplier"; Value = "Digi-Key"; VariantName = "[No Variations]"
Change component parameters (AddParameter): Name = "Supplier Part Number"; Value = "1080-EAST2012WA1CT-ND"; VariantName = "[No Variations]"
Change component parameters (AddParameter): Name = "Vf"; Value = "2.8V"; VariantName = "[No Variations]"
Change component parameters: Designator = "D?" ("D?"); Footprint = "DIOM1608X18N"; UniqueID = "\UVISBMON" ("\UVISBMON")
Change component parameters (AddParameter): Name = "Color"; Value = "White"; VariantName = "[No Variations]"
Change component parameters (AddParameter): Name = "Colour"; Value = "White"; VariantName = "[No Variations]"
Change component parameters (AddParameter): Name = "Forward"; Value = "2.8V"; VariantName = "[No Variations]"
Change component parameters (AddParameter): Name = "Manufacturer Part Number"; Value = "EAST2012WA1"; VariantName = "[No Variations]"
Change component parameters (AddParameter): Name = "Part Number"; Value = "EAST2012WA1"; VariantName = "[No Variations]"
Change component parameters (AddParameter): Name = "Size"; Value = "2.00mm L x 1.25mm W"; VariantName = "[No Variations]"
Change component parameters (AddParameter): Name = "Supplier"; Value = "Digi-Key"; VariantName = "[No Variations]"
Change component parameters (AddParameter): Name = "Supplier Part Number"; Value = "1080-EAST2012WA1CT-ND"; VariantName = "[No Variations]"
Change component parameters (AddParameter): Name = "Vf"; Value = "2.8V"; VariantName = "[No Variations]"
Change component parameters: Designator = "D?" ("D?"); Footprint = "DIOM1608X18N"; UniqueID = "\RRDADVIB" ("\RRDADVIB")
Change component parameters (AddParameter): Name = "Color"; Value = "White"; VariantName = "[No Variations]"
Change component parameters (AddParameter): Name = "Colour"; Value = "White"; VariantName = "[No Variations]"
Change component parameters (AddParameter): Name = "Forward"; Value = "2.8V"; VariantName = "[No Variations]"
Change component parameters (AddParameter): Name = "Manufacturer Part Number"; Value = "EAST2012WA1"; VariantName = "[No Variations]"
Change component parameters (AddParameter): Name = "Part Number"; Value = "EAST2012WA1"; VariantName = "[No Variations]"
Change component parameters (AddParameter): Name = "Size"; Value = "2.00mm L x 1.25mm W"; VariantName = "[No Variations]"
Change component parameters (AddParameter): Name = "Supplier"; Value = "Digi-Key"; VariantName = "[No Variations]"
Change component parameters (AddParameter): Name = "Supplier Part Number"; Value = "1080-EAST2012WA1CT-ND"; VariantName = "[No Variations]"
Change component parameters (AddParameter): Name = "Vf"; Value = "2.8V"; VariantName = "[No Variations]"
Change component parameters: Designator = "D?" ("D?"); Footprint = "DIOM1608X18N"; UniqueID = "\EREZGAHV" ("\EREZGAHV")
Change component parameters (AddParameter): Name = "Color"; Value = "White"; VariantName = "[No Variations]"
Change component parameters (AddParameter): Name = "Colour"; Value = "White"; VariantName = "[No Variations]"
Change component parameters (AddParameter): Name = "Forward"; Value = "2.8V"; VariantName = "[No Variations]"
Change component parameters (AddParameter): Name = "Manufacturer Part Number"; Value = "EAST2012WA1"; VariantName = "[No Variations]"
Change component parameters (AddParameter): Name = "Part Number"; Value = "EAST2012WA1"; VariantName = "[No Variations]"
Change component parameters (AddParameter): Name = "Size"; Value = "2.00mm L x 1.25mm W"; VariantName = "[No Variations]"
Change component parameters (AddParameter): Name = "Supplier"; Value = "Digi-Key"; VariantName = "[No Variations]"
Change component parameters (AddParameter): Name = "Supplier Part Number"; Value = "1080-EAST2012WA1CT-ND"; VariantName = "[No Variations]"
Change component parameters (AddParameter): Name = "Vf"; Value = "2.8V"; VariantName = "[No Variations]"
Change component parameters: Designator = "D?" ("D?"); Footprint = "DIOM1608X18N"; UniqueID = "\ARPUDHJR" ("\ARPUDHJR")
Change component parameters (AddParameter): Name = "Color"; Value = "White"; VariantName = "[No Variations]"
Change component parameters (AddParameter): Name = "Colour"; Value = "White"; VariantName = "[No Variations]"
Change component parameters (AddParameter): Name = "Forward"; Value = "2.8V"; VariantName = "[No Variations]"
Change component parameters (AddParameter): Name = "Manufacturer Part Number"; Value = "EAST2012WA1"; VariantName = "[No Variations]"
Change component parameters (AddParameter): Name = "Part Number"; Value = "EAST2012WA1"; VariantName = "[No Variations]"
Change component parameters (AddParameter): Name = "Size"; Value = "2.00mm L x 1.25mm W"; VariantName = "[No Variations]"
Change component parameters (AddParameter): Name = "Supplier"; Value = "Digi-Key"; VariantName = "[No Variations]"
Change component parameters (AddParameter): Name = "Supplier Part Number"; Value = "1080-EAST2012WA1CT-ND"; VariantName = "[No Variations]"
Change component parameters (AddParameter): Name = "Vf"; Value = "2.8V"; VariantName = "[No Variations]"
Change component parameters: Designator = "R?" ("R?"); Footprint = "RESC1005X04N"; UniqueID = "\CYQJFWOH" ("\CYQJFWOH")
Change component parameters (AddParameter): Name = "Manufacturer"; Value = "Stackpole Electronics Inc"; VariantName = "[No Variations]"
Change component parameters (AddParameter): Name = "Package"; Value = "0402"; VariantName = "[No Variations]"
Change component parameters (AddParameter): Name = "Package/Footprint"; Value = "0402"; VariantName = "[No Variations]"
Change component parameters (AddParameter): Name = "Part Number"; Value = "RMCF0402FT100R"; VariantName = "[No Variations]"
Change component parameters (AddParameter): Name = "Resistance"; Value = "100O"; VariantName = "[No Variations]"
Change component parameters (AddParameter): Name = "Supplier"; Value = "Digi-Key"; VariantName = "[No Variations]"
Change component parameters (AddParameter): Name = "Supplier Part Number"; Value = "RMCF0402FT100RCT-ND"; VariantName = "[No Variations]"
Change component parameters (AddParameter): Name = "Value"; Value = "100O"; VariantName = "[No Variations]"
Added Component: Designator=B?(BH-25D-1)
Add component (AddParameter): Name = "=Manufacturer Part Number"; Value = "BH-25D-1"; VariantName = "[No Variations]"
Add component (AddParameter): Name = "Battery Series"; Value = "CR2032"; VariantName = "[No Variations]"
Add component (AddParameter): Name = "Cells"; Value = "1"; VariantName = "[No Variations]"
Add component (AddParameter): Name = "Mounting Type"; Value = "TH"; VariantName = "[No Variations]"
Add component (AddParameter): Name = "Part Number"; Value = "BH-25D-1"; VariantName = "[No Variations]"
Add component (AddParameter): Name = "Series"; Value = "CR2032"; VariantName = "[No Variations]"
Add component (AddParameter): Name = "Supplier"; Value = "Digi-Key"; VariantName = "[No Variations]"
Add component (AddParameter): Name = "Supplier Part Number"; Value = "2057-BH-25D-1-ND"; VariantName = "[No Variations]"
Add component (AddParameter): Name = "V"; Value = "3V"; VariantName = "[No Variations]"
Add component (AddParameter): Name = "Voltage"; Value = "3V"; VariantName = "[No Variations]"
Added Component: Designator=Q?(SOT95P240X115-3N)
Add component (AddParameter): Name = "FET Type"; Value = "N-CH"; VariantName = "[No Variations]"
Add component (AddParameter): Name = "Id"; Value = "450mA"; VariantName = "[No Variations]"
Add component (AddParameter): Name = "Manufacturer"; Value = "Torex Semiconductor Ltd"; VariantName = "[No Variations]"
Add component (AddParameter): Name = "Manufacturer Part Number"; Value = "XP232P0501TR-G"; VariantName = "[No Variations]"
Add component (AddParameter): Name = "Package"; Value = "SOT233"; VariantName = "[No Variations]"
Add component (AddParameter): Name = "Part Number"; Value = "XP232P0501TR-G"; VariantName = "[No Variations]"
Add component (AddParameter): Name = "Supplier"; Value = "Digi-Key"; VariantName = "[No Variations]"
Add component (AddParameter): Name = "Supplier Part Number"; Value = "893-XP232P0501TR-GCT-ND"; VariantName = "[No Variations]"
Add component (AddParameter): Name = "Type"; Value = "N-CH"; VariantName = "[No Variations]"
Add component (AddParameter): Name = "Vds"; Value = "30V"; VariantName = "[No Variations]"
Add component (AddParameter): Name = "Vgs (Max)"; Value = "8V"; VariantName = "[No Variations]"
Added Pin To Net: NetName=+3V Pin=D?-2
Added Pin To Net: NetName=+3V Pin=Q?-2
Added Net: Name=+3V
Added Pin To Net: NetName=GND Pin=B?-2
Added Pin To Net: NetName=GND Pin=R?-1
Added Net: Name=GND
Added Pin To Net: NetName=NetB?_1 Pin=B?-1
Added Pin To Net: NetName=NetB?_1 Pin=Q?-3
Added Net: Name=NetB?_1
Added Pin To Net: NetName=NetD?_1 Pin=D?-1
Added Pin To Net: NetName=NetD?_1 Pin=Q?-1
Added Pin To Net: NetName=NetD?_1 Pin=R?-2
Added Net: Name=NetD?_1
Added Member To Class: ClassName=Main Member=Component B? Single Cell
Added Member To Class: ClassName=Main Member=Component D? LED
Added Member To Class: ClassName=Main Member=Component D? LED
Added Member To Class: ClassName=Main Member=Component D? LED
Added Member To Class: ClassName=Main Member=Component D? LED
Added Member To Class: ClassName=Main Member=Component D? LED
Added Member To Class: ClassName=Main Member=Component D? LED
Added Member To Class: ClassName=Main Member=Component D? LED
Added Member To Class: ClassName=Main Member=Component D? LED
Added Member To Class: ClassName=Main Member=Component D? LED
Added Member To Class: ClassName=Main Member=Component D? LED
Added Member To Class: ClassName=Main Member=Component D? LED
Added Member To Class: ClassName=Main Member=Component D? LED
Added Member To Class: ClassName=Main Member=Component D? LED
Added Member To Class: ClassName=Main Member=Component D? LED
Added Member To Class: ClassName=Main Member=Component D? LED
Added Member To Class: ClassName=Main Member=Component D? LED
Added Member To Class: ClassName=Main Member=Component D? LED
Added Member To Class: ClassName=Main Member=Component D? LED
Added Member To Class: ClassName=Main Member=Component D? LED
Added Member To Class: ClassName=Main Member=Component D? LED
Added Member To Class: ClassName=Main Member=Component D? LED
Added Member To Class: ClassName=Main Member=Component D? LED
Added Member To Class: ClassName=Main Member=Component D? LED
Added Member To Class: ClassName=Main Member=Component D? LED
Added Member To Class: ClassName=Main Member=Component D? Diode
Added Member To Class: ClassName=Main Member=Component D? LED
Added Member To Class: ClassName=Main Member=Component D? LED
Added Member To Class: ClassName=Main Member=Component D? LED
Added Member To Class: ClassName=Main Member=Component D? LED
Added Member To Class: ClassName=Main Member=Component D? LED
Added Member To Class: ClassName=Main Member=Component D? LED
Added Member To Class: ClassName=Main Member=Component D? LED
Added Member To Class: ClassName=Main Member=Component D? LED
Added Member To Class: ClassName=Main Member=Component D? LED
Added Member To Class: ClassName=Main Member=Component D? LED
Added Member To Class: ClassName=Main Member=Component D? LED
Added Member To Class: ClassName=Main Member=Component D? LED
Added Member To Class: ClassName=Main Member=Component D? LED
Added Member To Class: ClassName=Main Member=Component D? LED
Added Member To Class: ClassName=Main Member=Component D? LED
Added Member To Class: ClassName=Main Member=Component D? LED
Added Member To Class: ClassName=Main Member=Component D? LED
Added Member To Class: ClassName=Main Member=Component Q? P-CH
