Change Net Name : Old Net Name=24V New Net Name=CS1-
Change Net Name : Old Net Name=GND New Net Name=PGND
Change Net Name : Old Net Name=NetC9_1 New Net Name=LX1
Change Net Name : Old Net Name=NetC9_2 New Net Name=BST1
Change Net Name : Old Net Name=NetC17_1 New Net Name=LX2
Change Net Name : Old Net Name=NetC17_2 New Net Name=BST2
Change Net Name : Old Net Name=NetC28_2 New Net Name=SS1
Change Net Name : Old Net Name=NetL1_2 New Net Name=CS1+
Change Net Name : Old Net Name=NetL2_2 New Net Name=CS2+
Change Net Name : Old Net Name=NetQ1_1 New Net Name=DH1
Change Net Name : Old Net Name=NetQ3_1 New Net Name=DL1
Change Net Name : Old Net Name=NetQ5_1 New Net Name=DH2
Change Net Name : Old Net Name=NetQ7_1 New Net Name=DL2
Change Net Name : Old Net Name=NetR1_1 New Net Name=EN
Change Net Name : Old Net Name=NetR4_1 New Net Name=FB1
Change Net Name : Old Net Name=NetR6_2 New Net Name=PGOOD1
Change Net Name : Old Net Name=NetR7_2 New Net Name=PGOOD2
Change Net Name : Old Net Name=NetR8_1 New Net Name=SS2
Change Net Name : Old Net Name=NetR13_1 New Net Name=FB2
Change Net Name : Old Net Name=NetR14_2 New Net Name=RT
Change Net Name : Old Net Name=NetR16_2 New Net Name=ILIM1
Change Net Name : Old Net Name=NetR17_2 New Net Name=ILIM2
Change Net Name : Old Net Name=NetR18_2 New Net Name=ILIMSEL
Added Pin To Net: NetName=COMP1 Pin=C25-2
Added Pin To Net: NetName=COMP1 Pin=R12-2
Added Pin To Net: NetName=COMP1 Pin=U1-12
Added Net: Name=COMP1
Added Pin To Net: NetName=COMP2 Pin=C24-2
Added Pin To Net: NetName=COMP2 Pin=R11-2
Added Pin To Net: NetName=COMP2 Pin=U1-30
Added Net: Name=COMP2
Added Member To Class: ClassName=24V Multiphase Buck Member=Component U1 MAX17559ACJ+
