Removed Pin From Net: NetName=24V Pin=C15-1
Removed Pin From Net: NetName=GND Pin=C15-2
Removed Pin From Net: NetName=24V Pin=C16-1
Removed Pin From Net: NetName=GND Pin=C16-2
Removed Pin From Net: NetName=24V Pin=C22-1
Removed Pin From Net: NetName=GND Pin=C22-2
Removed Pin From Net: NetName=24V Pin=C23-1
Removed Pin From Net: NetName=GND Pin=C23-2
Change Component Footprint: Designator=C15 Old Footprint=CAPAE9983X105M New Footprint=CAPC6153X67N
Change Component Footprint: Designator=C16 Old Footprint=CAPAE9983X105M New Footprint=CAPC6153X67N
Change Component Footprint: Designator=C22 Old Footprint=CAPAE9983X105M New Footprint=CAPC6153X67N
Change Component Footprint: Designator=C23 Old Footprint=CAPAE9983X105M New Footprint=CAPC6153X67N
Change Component Comment : Designator=C15 Old Comment=Electro Cap New Comment=Ceramic Cap
Change Component Comment : Designator=C16 Old Comment=Electro Cap New Comment=Ceramic Cap
Change Component Comment : Designator=C22 Old Comment=Electro Cap New Comment=Ceramic Cap
Change Component Comment : Designator=C23 Old Comment=Electro Cap New Comment=Ceramic Cap
Change component parameters: Designator = "C15" ("C15"); Footprint = "CAPAE9983X105M"; UniqueID = "\YKMAJBTC" ("\YKMAJBTC")
Change component parameters (AddParameter): Name = "Capacitance"; Value = "NU"; VariantName = "[No Variations]"
Change component parameters (AddParameter): Name = "Manufacturer"; Value = "Murata Electronics"; VariantName = "[No Variations]"
Change component parameters (AddParameter): Name = "Package"; Value = "Stacked SMD"; VariantName = "[No Variations]"
Change component parameters (AddParameter): Name = "Part Number"; Value = "KRM55WR71H336MH01K"; VariantName = "[No Variations]"
Change component parameters (AddParameter): Name = "Supplier"; Value = "Digi-Key"; VariantName = "[No Variations]"
Change component parameters (AddParameter): Name = "Supplier Part Number"; Value = "490-17695-1-ND"; VariantName = "[No Variations]"
Change component parameters (AddParameter): Name = "Value"; Value = "NU"; VariantName = "[No Variations]"
Change component parameters (AddParameter): Name = "Voltage"; Value = "NV"; VariantName = "[No Variations]"
Change component parameters (AddParameter): Name = "Voltage Rating"; Value = "NV"; VariantName = "[No Variations]"
Change component parameters: Designator = "C16" ("C16"); Footprint = "CAPAE9983X105M"; UniqueID = "\DLZISYEJ" ("\DLZISYEJ")
Change component parameters (AddParameter): Name = "Capacitance"; Value = "NU"; VariantName = "[No Variations]"
Change component parameters (AddParameter): Name = "Manufacturer"; Value = "Murata Electronics"; VariantName = "[No Variations]"
Change component parameters (AddParameter): Name = "Package"; Value = "Stacked SMD"; VariantName = "[No Variations]"
Change component parameters (AddParameter): Name = "Part Number"; Value = "KRM55WR71H336MH01K"; VariantName = "[No Variations]"
Change component parameters (AddParameter): Name = "Supplier"; Value = "Digi-Key"; VariantName = "[No Variations]"
Change component parameters (AddParameter): Name = "Supplier Part Number"; Value = "490-17695-1-ND"; VariantName = "[No Variations]"
Change component parameters (AddParameter): Name = "Value"; Value = "NU"; VariantName = "[No Variations]"
Change component parameters (AddParameter): Name = "Voltage"; Value = "NV"; VariantName = "[No Variations]"
Change component parameters (AddParameter): Name = "Voltage Rating"; Value = "NV"; VariantName = "[No Variations]"
Change component parameters: Designator = "C22" ("C22"); Footprint = "CAPAE9983X105M"; UniqueID = "\ARKPVCVK" ("\ARKPVCVK")
Change component parameters (AddParameter): Name = "Capacitance"; Value = "NU"; VariantName = "[No Variations]"
Change component parameters (AddParameter): Name = "Manufacturer"; Value = "Murata Electronics"; VariantName = "[No Variations]"
Change component parameters (AddParameter): Name = "Package"; Value = "Stacked SMD"; VariantName = "[No Variations]"
Change component parameters (AddParameter): Name = "Part Number"; Value = "KRM55WR71H336MH01K"; VariantName = "[No Variations]"
Change component parameters (AddParameter): Name = "Supplier"; Value = "Digi-Key"; VariantName = "[No Variations]"
Change component parameters (AddParameter): Name = "Supplier Part Number"; Value = "490-17695-1-ND"; VariantName = "[No Variations]"
Change component parameters (AddParameter): Name = "Value"; Value = "NU"; VariantName = "[No Variations]"
Change component parameters (AddParameter): Name = "Voltage"; Value = "NV"; VariantName = "[No Variations]"
Change component parameters (AddParameter): Name = "Voltage Rating"; Value = "NV"; VariantName = "[No Variations]"
Change component parameters: Designator = "C23" ("C23"); Footprint = "CAPAE9983X105M"; UniqueID = "\SHAUGPCB" ("\SHAUGPCB")
Change component parameters (AddParameter): Name = "Capacitance"; Value = "NU"; VariantName = "[No Variations]"
Change component parameters (AddParameter): Name = "Manufacturer"; Value = "Murata Electronics"; VariantName = "[No Variations]"
Change component parameters (AddParameter): Name = "Package"; Value = "Stacked SMD"; VariantName = "[No Variations]"
Change component parameters (AddParameter): Name = "Part Number"; Value = "KRM55WR71H336MH01K"; VariantName = "[No Variations]"
Change component parameters (AddParameter): Name = "Supplier"; Value = "Digi-Key"; VariantName = "[No Variations]"
Change component parameters (AddParameter): Name = "Supplier Part Number"; Value = "490-17695-1-ND"; VariantName = "[No Variations]"
Change component parameters (AddParameter): Name = "Value"; Value = "NU"; VariantName = "[No Variations]"
Change component parameters (AddParameter): Name = "Voltage"; Value = "NV"; VariantName = "[No Variations]"
Change component parameters (AddParameter): Name = "Voltage Rating"; Value = "NV"; VariantName = "[No Variations]"
Added Pin To Net: NetName=GND Pin=C15-1
Added Pin To Net: NetName=24V Pin=C15-2
Added Pin To Net: NetName=GND Pin=C16-1
Added Pin To Net: NetName=24V Pin=C16-2
Added Pin To Net: NetName=GND Pin=C22-1
Added Pin To Net: NetName=24V Pin=C22-2
Added Pin To Net: NetName=GND Pin=C23-1
Added Pin To Net: NetName=24V Pin=C23-2
