Removed Pin From Net: NetName=24V Pin=U1-1
Removed Pin From Net: NetName=GND Pin=U1-6
Removed Pin From Net: NetName=24V Pin=U1-9
Removed Pin From Net: NetName=NetL2_2 Pin=U1-10
Removed Pin From Net: NetName=NetC17_1 Pin=U1-16
Removed Pin From Net: NetName=VCCINT Pin=U1-19
Removed Pin From Net: NetName=24V Pin=U1-20
Removed Pin From Net: NetName=GND Pin=U1-21
Removed Pin From Net: NetName=VBAT Pin=U1-22
Removed Pin From Net: NetName=NetC9_1 Pin=U1-25
Removed Pin From Net: NetName=NetL1_2 Pin=U1-32
Removed Member From Class: ClassName=24V Multiphase Buck Member=U1
Added Component: Designator=U?(CQFP80P900X900X120-32N)
Add component (AddParameter): Name = "-3db Bandwidth"; Value = ""; VariantName = "[No Variations]"
Add component (AddParameter): Name = "Axis"; Value = ""; VariantName = "[No Variations]"
Add component (AddParameter): Name = "Bandwidth"; Value = ""; VariantName = "[No Variations]"
Add component (AddParameter): Name = "Case/Package"; Value = "TQFP"; VariantName = "[No Variations]"
Add component (AddParameter): Name = "Category"; Value = "Voltage Regulators - Switching"; VariantName = "[No Variations]"
Add component (AddParameter): Name = "ComponentLink1Description"; Value = ""; VariantName = "[No Variations]"
Add component (AddParameter): Name = "ComponentLink1URL"; Value = ""; VariantName = "[No Variations]"
Add component (AddParameter): Name = "ComponentLink2Description"; Value = ""; VariantName = "[No Variations]"
Add component (AddParameter): Name = "ComponentLink2URL"; Value = ""; VariantName = "[No Variations]"
Add component (AddParameter): Name = "ComponentLink3Description"; Value = ""; VariantName = "[No Variations]"
Add component (AddParameter): Name = "ComponentLink3URL"; Value = ""; VariantName = "[No Variations]"
Add component (AddParameter): Name = "Contact Plating"; Value = ""; VariantName = "[No Variations]"
Add component (AddParameter): Name = "Dropout Voltage"; Value = ""; VariantName = "[No Variations]"
Add component (AddParameter): Name = "Lead Free"; Value = ""; VariantName = "[No Variations]"
Add component (AddParameter): Name = "Manufacturer"; Value = "Maxim"; VariantName = "[No Variations]"
Add component (AddParameter): Name = "Manufacturer Part Number"; Value = "MAX17559ACJ+"; VariantName = "[No Variations]"
Add component (AddParameter): Name = "Max Input Voltage"; Value = ""; VariantName = "[No Variations]"
Add component (AddParameter): Name = "Max Operating Temperature"; Value = "125°C"; VariantName = "[No Variations]"
Add component (AddParameter): Name = "Max Supply Voltage"; Value = ""; VariantName = "[No Variations]"
Add component (AddParameter): Name = "Min Input Voltage"; Value = ""; VariantName = "[No Variations]"
Add component (AddParameter): Name = "Min Operating Temperature"; Value = "-40°C"; VariantName = "[No Variations]"
Add component (AddParameter): Name = "Min Supply Voltage"; Value = ""; VariantName = "[No Variations]"
Add component (AddParameter): Name = "Motor Type"; Value = ""; VariantName = "[No Variations]"
Add component (AddParameter): Name = "Mount"; Value = ""; VariantName = "[No Variations]"
Add component (AddParameter): Name = "Nominal Output Voltage"; Value = ""; VariantName = "[No Variations]"
Add component (AddParameter): Name = "Nominal Supply Current"; Value = ""; VariantName = "[No Variations]"
Add component (AddParameter): Name = "Number of Outputs"; Value = "2"; VariantName = "[No Variations]"
Add component (AddParameter): Name = "Number of Pins"; Value = "32"; VariantName = "[No Variations]"
Add component (AddParameter): Name = "Number of Regulators"; Value = ""; VariantName = "[No Variations]"
Add component (AddParameter): Name = "Operating Supply Current"; Value = ""; VariantName = "[No Variations]"
Add component (AddParameter): Name = "Output Current"; Value = ""; VariantName = "[No Variations]"
Add component (AddParameter): Name = "Output Type"; Value = ""; VariantName = "[No Variations]"
Add component (AddParameter): Name = "Output Voltage"; Value = ""; VariantName = "[No Variations]"
Add component (AddParameter): Name = "Package Quantity"; Value = ""; VariantName = "[No Variations]"
Add component (AddParameter): Name = "Packaging"; Value = "Tray"; VariantName = "[No Variations]"
Add component (AddParameter): Name = "Part Number"; Value = "MAX17559ACJ+"; VariantName = "[No Variations]"
Add component (AddParameter): Name = "Pricing 1"; Value = "1=7.47000, 10=6.75100, 25=6.43680, 80=5.58925, 250=5.33800, 500=4.86700, 1000=4.71000 (USD)"; VariantName = "[No Variations]"
Add component (AddParameter): Name = "Radiation Hardening"; Value = ""; VariantName = "[No Variations]"
Add component (AddParameter): Name = "REACH SVHC"; Value = ""; VariantName = "[No Variations]"
Add component (AddParameter): Name = "RoHS"; Value = "Yes"; VariantName = "[No Variations]"
Add component (AddParameter): Name = "RoHS Compliant"; Value = ""; VariantName = "[No Variations]"
Add component (AddParameter): Name = "Sensitivity"; Value = ""; VariantName = "[No Variations]"
Add component (AddParameter): Name = "Sensor Type"; Value = ""; VariantName = "[No Variations]"
Add component (AddParameter): Name = "Series"; Value = ""; VariantName = "[No Variations]"
Add component (AddParameter): Name = "Stock 1"; Value = "210"; VariantName = "[No Variations]"
Add component (AddParameter): Name = "Supplier 1"; Value = "Digi-Key"; VariantName = "[No Variations]"
Add component (AddParameter): Name = "Supplier Part Number 1"; Value = "MAX17559ACJ+-ND"; VariantName = "[No Variations]"
Add component (AddParameter): Name = "Supply Current"; Value = ""; VariantName = "[No Variations]"
Added Pin To Net: NetName=24V Pin=U?-1
Added Pin To Net: NetName=GND Pin=U?-6
Added Pin To Net: NetName=24V Pin=U?-9
Added Pin To Net: NetName=NetL2_2 Pin=U?-10
Added Pin To Net: NetName=NetC17_1 Pin=U?-16
Added Pin To Net: NetName=VCCINT Pin=U?-19
Added Pin To Net: NetName=24V Pin=U?-20
Added Pin To Net: NetName=GND Pin=U?-21
Added Pin To Net: NetName=VBAT Pin=U?-22
Added Pin To Net: NetName=NetC9_1 Pin=U?-25
Added Pin To Net: NetName=NetL1_2 Pin=U?-32
Change Net Name : Old Net Name=24V New Net Name=CS1-
Change Net Name : Old Net Name=GND New Net Name=PGND
Change Net Name : Old Net Name=NetC9_1 New Net Name=LX1
Change Net Name : Old Net Name=NetC17_1 New Net Name=LX2
Change Net Name : Old Net Name=NetL1_2 New Net Name=CS1+
Change Net Name : Old Net Name=NetL2_2 New Net Name=CS2+
Added Pin To Net: NetName=BST1 Pin=C9-2
Added Pin To Net: NetName=BST1 Pin=D1-2
Added Pin To Net: NetName=BST1 Pin=U?-24
Added Net: Name=BST1
Added Pin To Net: NetName=BST2 Pin=C17-2
Added Pin To Net: NetName=BST2 Pin=D2-2
Added Pin To Net: NetName=BST2 Pin=U?-17
Added Net: Name=BST2
Added Pin To Net: NetName=COMP1 Pin=C25-2
Added Pin To Net: NetName=COMP1 Pin=R12-2
Added Pin To Net: NetName=COMP1 Pin=U?-12
Added Net: Name=COMP1
Added Pin To Net: NetName=COMP2 Pin=C24-2
Added Pin To Net: NetName=COMP2 Pin=R11-2
Added Pin To Net: NetName=COMP2 Pin=U?-30
Added Net: Name=COMP2
Added Pin To Net: NetName=DH1 Pin=Q1-1
Added Pin To Net: NetName=DH1 Pin=Q2-1
Added Pin To Net: NetName=DH1 Pin=U?-26
Added Net: Name=DH1
Added Pin To Net: NetName=DH2 Pin=Q5-1
Added Pin To Net: NetName=DH2 Pin=Q6-1
Added Pin To Net: NetName=DH2 Pin=U?-15
Added Net: Name=DH2
Added Pin To Net: NetName=DL1 Pin=Q3-1
Added Pin To Net: NetName=DL1 Pin=Q4-1
Added Pin To Net: NetName=DL1 Pin=U?-23
Added Net: Name=DL1
Added Pin To Net: NetName=DL2 Pin=Q7-1
Added Pin To Net: NetName=DL2 Pin=Q8-1
Added Pin To Net: NetName=DL2 Pin=U?-18
Added Net: Name=DL2
Added Pin To Net: NetName=EN Pin=R1-1
Added Pin To Net: NetName=EN Pin=R2-2
Added Pin To Net: NetName=EN Pin=U?-5
Added Pin To Net: NetName=EN Pin=U?-7
Added Pin To Net: NetName=EN Pin=U?-8
Added Net: Name=EN
Added Pin To Net: NetName=FB1 Pin=R4-1
Added Pin To Net: NetName=FB1 Pin=R5-2
Added Pin To Net: NetName=FB1 Pin=U?-31
Added Net: Name=FB1
Added Pin To Net: NetName=FB2 Pin=R13-1
Added Pin To Net: NetName=FB2 Pin=R15-2
Added Pin To Net: NetName=FB2 Pin=U?-11
Added Net: Name=FB2
Added Pin To Net: NetName=ILIM1 Pin=R16-2
Added Pin To Net: NetName=ILIM1 Pin=U?-28
Added Net: Name=ILIM1
Added Pin To Net: NetName=ILIM2 Pin=R17-2
Added Pin To Net: NetName=ILIM2 Pin=U?-3
Added Net: Name=ILIM2
Added Pin To Net: NetName=ILIMSEL Pin=R18-2
Added Pin To Net: NetName=ILIMSEL Pin=U?-4
Added Net: Name=ILIMSEL
Added Pin To Net: NetName=PGOOD1 Pin=R6-2
Added Pin To Net: NetName=PGOOD1 Pin=U?-27
Added Net: Name=PGOOD1
Added Pin To Net: NetName=PGOOD2 Pin=R7-2
Added Pin To Net: NetName=PGOOD2 Pin=U?-14
Added Net: Name=PGOOD2
Added Pin To Net: NetName=RT Pin=R14-2
Added Pin To Net: NetName=RT Pin=U?-2
Added Net: Name=RT
Added Pin To Net: NetName=SS1 Pin=C28-2
Added Pin To Net: NetName=SS1 Pin=U?-29
Added Net: Name=SS1
Added Pin To Net: NetName=SS2 Pin=R8-1
Added Pin To Net: NetName=SS2 Pin=R9-2
Added Pin To Net: NetName=SS2 Pin=U?-13
Added Net: Name=SS2
Added Member To Class: ClassName=24V Multiphase Buck Member=Component U? MAX17559ACJ+
