Removed Member From Class: ClassName=Main Member=C?
Removed Member From Class: ClassName=Main Member=S?
Change Component Designator: OldDesignator=B? NewDesignator=B1
Change Component Designator: OldDesignator=C1 NewDesignator=C3
Change Component Designator: OldDesignator=C2 NewDesignator=C4
Change Component Designator: OldDesignator=C3 NewDesignator=C5
Change Component Designator: OldDesignator=C4 NewDesignator=C6
Change Component Designator: OldDesignator=C? NewDesignator=C1
Change Component Designator: OldDesignator=C? NewDesignator=C2
Change Component Designator: OldDesignator=D3 NewDesignator=D1
Change Component Designator: OldDesignator=D4 NewDesignator=D2
Change Component Designator: OldDesignator=D5 NewDesignator=D3
Change Component Designator: OldDesignator=D6 NewDesignator=D4
Change Component Designator: OldDesignator=D7 NewDesignator=D5
Change Component Designator: OldDesignator=D8 NewDesignator=D6
Change Component Designator: OldDesignator=D9 NewDesignator=D7
Change Component Designator: OldDesignator=D10 NewDesignator=D8
Change Component Designator: OldDesignator=D11 NewDesignator=D9
Change Component Designator: OldDesignator=D12 NewDesignator=D10
Change Component Designator: OldDesignator=D13 NewDesignator=D11
Change Component Designator: OldDesignator=D14 NewDesignator=D12
Change Component Designator: OldDesignator=D15 NewDesignator=D13
Change Component Designator: OldDesignator=D16 NewDesignator=D14
Change Component Designator: OldDesignator=D17 NewDesignator=D15
Change Component Designator: OldDesignator=D18 NewDesignator=D16
Change Component Designator: OldDesignator=D19 NewDesignator=D17
Change Component Designator: OldDesignator=D20 NewDesignator=D18
Change Component Designator: OldDesignator=D21 NewDesignator=D19
Change Component Designator: OldDesignator=D22 NewDesignator=D20
Change Component Designator: OldDesignator=D23 NewDesignator=D21
Change Component Designator: OldDesignator=D24 NewDesignator=D22
Change Component Designator: OldDesignator=D25 NewDesignator=D23
Change Component Designator: OldDesignator=D26 NewDesignator=D24
Change Component Designator: OldDesignator=D27 NewDesignator=D25
Change Component Designator: OldDesignator=D28 NewDesignator=D26
Change Component Designator: OldDesignator=D29 NewDesignator=D27
Change Component Designator: OldDesignator=D30 NewDesignator=D28
Change Component Designator: OldDesignator=D31 NewDesignator=D29
Change Component Designator: OldDesignator=D32 NewDesignator=D30
Change Component Designator: OldDesignator=D33 NewDesignator=D31
Change Component Designator: OldDesignator=D34 NewDesignator=D32
Change Component Designator: OldDesignator=D35 NewDesignator=D33
Change Component Designator: OldDesignator=D36 NewDesignator=D34
Change Component Designator: OldDesignator=D37 NewDesignator=D35
Change Component Designator: OldDesignator=D38 NewDesignator=D36
Change Component Designator: OldDesignator=D39 NewDesignator=D37
Change Component Designator: OldDesignator=D40 NewDesignator=D38
Change Component Designator: OldDesignator=D41 NewDesignator=D39
Change Component Designator: OldDesignator=D42 NewDesignator=D40
Change Component Designator: OldDesignator=D43 NewDesignator=D41
Change Component Designator: OldDesignator=D44 NewDesignator=D42
Change Component Designator: OldDesignator=D45 NewDesignator=D43
Change Component Designator: OldDesignator=D46 NewDesignator=D44
Change Component Designator: OldDesignator=D47 NewDesignator=D45
Change Component Designator: OldDesignator=D48 NewDesignator=D46
Change Component Designator: OldDesignator=D49 NewDesignator=D47
Change Component Designator: OldDesignator=D50 NewDesignator=D48
Change Component Designator: OldDesignator=D51 NewDesignator=D49
Change Component Designator: OldDesignator=Q2 NewDesignator=Q1
Change Component Designator: OldDesignator=Q4 NewDesignator=Q3
Change Component Designator: OldDesignator=Q5 NewDesignator=Q4
Change Component Designator: OldDesignator=Q6 NewDesignator=Q5
Change Component Designator: OldDesignator=Q7 NewDesignator=Q6
Change Component Designator: OldDesignator=Q8 NewDesignator=Q7
Change Component Designator: OldDesignator=Q9 NewDesignator=Q8
Change Component Designator: OldDesignator=Q11 NewDesignator=Q10
Change Component Designator: OldDesignator=Q12 NewDesignator=Q11
Change Component Designator: OldDesignator=Q13 NewDesignator=Q12
Change Component Designator: OldDesignator=Q14 NewDesignator=Q13
Change Component Designator: OldDesignator=Q15 NewDesignator=Q14
Change Component Designator: OldDesignator=Q16 NewDesignator=Q15
Change Component Designator: OldDesignator=Q17 NewDesignator=Q16
Change Component Designator: OldDesignator=Q? NewDesignator=Q2
Change Component Designator: OldDesignator=Q? NewDesignator=Q9
Change Component Designator: OldDesignator=R3 NewDesignator=R2
Change Component Designator: OldDesignator=R6 NewDesignator=R3
Change Component Designator: OldDesignator=R7 NewDesignator=R4
Change Component Designator: OldDesignator=R8 NewDesignator=R5
Change Component Designator: OldDesignator=R9 NewDesignator=R6
Change Component Designator: OldDesignator=R10 NewDesignator=R7
Change Component Designator: OldDesignator=R11 NewDesignator=R8
Change Component Designator: OldDesignator=R12 NewDesignator=R9
Change Component Designator: OldDesignator=R14 NewDesignator=R10
Change Component Designator: OldDesignator=S1 NewDesignator=S2
Change Component Designator: OldDesignator=S? NewDesignator=S1
Change Component Designator: OldDesignator=U? NewDesignator=U2
Change Component Designator: OldDesignator=U? NewDesignator=U3
Change Component Designator: OldDesignator=U? NewDesignator=U4
Added Pin To Net: NetName=N5 Pin=U4-4
Added Pin To Net: NetName=N7 Pin=U4-6
Change Net Name : Old Net Name=NetD3_1 New Net Name=NetD1_1
Change Net Name : Old Net Name=NetD3_2 New Net Name=NetD1_2
Change Net Name : Old Net Name=NetD4_2 New Net Name=NetD2_2
Change Net Name : Old Net Name=NetD5_2 New Net Name=NetD3_2
Change Net Name : Old Net Name=NetD6_2 New Net Name=NetD4_2
Change Net Name : Old Net Name=NetD7_2 New Net Name=NetD5_2
Change Net Name : Old Net Name=NetD8_2 New Net Name=NetD6_2
Change Net Name : Old Net Name=NetD9_2 New Net Name=NetD7_2
Change Net Name : Old Net Name=NetD10_1 New Net Name=NetD8_1
Change Net Name : Old Net Name=NetD17_1 New Net Name=NetD15_1
Change Net Name : Old Net Name=NetD24_1 New Net Name=NetD22_1
Change Net Name : Old Net Name=NetD31_1 New Net Name=NetD29_1
Change Net Name : Old Net Name=NetD38_1 New Net Name=NetD36_1
Change Net Name : Old Net Name=NetD45_1 New Net Name=NetD43_1
Change Net Name : Old Net Name=NetQ2_3 New Net Name=NetQ1_3
Change Net Name : Old Net Name=NetQ4_3 New Net Name=NetQ3_3
Change Net Name : Old Net Name=NetQ5_3 New Net Name=NetQ4_3
Change Net Name : Old Net Name=NetQ6_3 New Net Name=NetQ5_3
Change Net Name : Old Net Name=NetQ7_3 New Net Name=NetQ6_3
Change Net Name : Old Net Name=NetQ8_3 New Net Name=NetQ7_3
Change Net Name : Old Net Name=NetQ9_3 New Net Name=NetQ8_3
Change Net Name : Old Net Name=NetQ?_1 New Net Name=NetQ9_1
Added Pin To Net: NetName=NetC1_2 Pin=C1-2
Added Pin To Net: NetName=NetC1_2 Pin=S1-1
Added Pin To Net: NetName=NetC1_2 Pin=S1-1
Added Net: Name=NetC1_2
Added Member To Class: ClassName=Main Member=Component B1 Three Cell
Added Member To Class: ClassName=Main Member=Component C5 Ceramic Cap
Added Member To Class: ClassName=Main Member=Component C6 Ceramic Cap
Added Member To Class: ClassName=Main Member=Component Q9 N-CH
Added Member To Class: ClassName=Main Member=Component S2 PTS645SM43SMTR92 LFS
Added Member To Class: ClassName=Main Member=Component U2 74HC595BQ-Q100,115
Added Member To Class: ClassName=Main Member=Component U3 PIC16F15225-E/MG
