Removed Pin From Net: NetName=P2 Pin=U2-1
Removed Pin From Net: NetName=P3 Pin=U2-2
Removed Pin From Net: NetName=P4 Pin=U2-3
Removed Pin From Net: NetName=P5 Pin=U2-4
Removed Pin From Net: NetName=P6 Pin=U2-5
Removed Pin From Net: NetName=P7 Pin=U2-6
Removed Pin From Net: NetName=GND Pin=U2-8
Removed Pin From Net: NetName=DAISY1 Pin=U2-9
Removed Pin From Net: NetName=+3V3 Pin=U2-10
Removed Pin From Net: NetName=CLOCK Pin=U2-11
Removed Pin From Net: NetName=LATCH Pin=U2-12
Removed Pin From Net: NetName=OE_n Pin=U2-13
Removed Pin From Net: NetName=DATA Pin=U2-14
Removed Pin From Net: NetName=P1 Pin=U2-15
Removed Pin From Net: NetName=+3V3 Pin=U2-16
Removed Pin From Net: NetName=GND Pin=U2-17
Removed Pin From Net: NetName=N2 Pin=U4-1
Removed Pin From Net: NetName=N3 Pin=U4-2
Removed Pin From Net: NetName=N4 Pin=U4-3
Removed Pin From Net: NetName=N5 Pin=U4-4
Removed Pin From Net: NetName=N6 Pin=U4-5
Removed Pin From Net: NetName=N7 Pin=U4-6
Removed Pin From Net: NetName=GND Pin=U4-8
Removed Pin From Net: NetName=+3V3 Pin=U4-10
Removed Pin From Net: NetName=CLOCK Pin=U4-11
Removed Pin From Net: NetName=LATCH Pin=U4-12
Removed Pin From Net: NetName=OE_n Pin=U4-13
Removed Pin From Net: NetName=DAISY1 Pin=U4-14
Removed Pin From Net: NetName=N1 Pin=U4-15
Removed Pin From Net: NetName=+3V3 Pin=U4-16
Removed Pin From Net: NetName=GND Pin=U4-17
Removed Member From Class: ClassName=Main Member=U2
Removed Member From Class: ClassName=Main Member=U4
