Added Component: Designator=U2(PQFN50P250X350X100_HS-17N)
Add component (AddParameter): Name = "Manufacturer"; Value = "Nexperia USA Inc."; VariantName = "[No Variations]"
Add component (AddParameter): Name = "Manufacturer Part Number"; Value = "74HC595BQ-Q100,115"; VariantName = "[No Variations]"
Add component (AddParameter): Name = "Package"; Value = "16-VFQFN Exposed Pad"; VariantName = "[No Variations]"
Add component (AddParameter): Name = "Part Number"; Value = "74HC595BQ-Q100,115"; VariantName = "[No Variations]"
Add component (AddParameter): Name = "Supplier"; Value = "Digi-Key"; VariantName = "[No Variations]"
Add component (AddParameter): Name = "Supplier Part Number"; Value = "1727-2622-1-ND"; VariantName = "[No Variations]"
Added Component: Designator=U4(PQFN50P250X350X100_HS-17N)
Add component (AddParameter): Name = "Manufacturer"; Value = "Nexperia USA Inc."; VariantName = "[No Variations]"
Add component (AddParameter): Name = "Manufacturer Part Number"; Value = "74HC595BQ-Q100,115"; VariantName = "[No Variations]"
Add component (AddParameter): Name = "Package"; Value = "16-VFQFN Exposed Pad"; VariantName = "[No Variations]"
Add component (AddParameter): Name = "Part Number"; Value = "74HC595BQ-Q100,115"; VariantName = "[No Variations]"
Add component (AddParameter): Name = "Supplier"; Value = "Digi-Key"; VariantName = "[No Variations]"
Add component (AddParameter): Name = "Supplier Part Number"; Value = "1727-2622-1-ND"; VariantName = "[No Variations]"
Added Pin To Net: NetName=P2 Pin=U2-1
Added Pin To Net: NetName=P3 Pin=U2-2
Added Pin To Net: NetName=P4 Pin=U2-3
Added Pin To Net: NetName=P5 Pin=U2-4
Added Pin To Net: NetName=P6 Pin=U2-5
Added Pin To Net: NetName=P7 Pin=U2-6
Added Pin To Net: NetName=GND Pin=U2-8
Added Pin To Net: NetName=DAISY1 Pin=U2-9
Added Pin To Net: NetName=+3V3 Pin=U2-10
Added Pin To Net: NetName=CLOCK Pin=U2-11
Added Pin To Net: NetName=LATCH Pin=U2-12
Added Pin To Net: NetName=OE_n Pin=U2-13
Added Pin To Net: NetName=DATA Pin=U2-14
Added Pin To Net: NetName=P1 Pin=U2-15
Added Pin To Net: NetName=+3V3 Pin=U2-16
Added Pin To Net: NetName=GND Pin=U2-17
Added Pin To Net: NetName=N2 Pin=U4-1
Added Pin To Net: NetName=N3 Pin=U4-2
Added Pin To Net: NetName=N4 Pin=U4-3
Added Pin To Net: NetName=N5 Pin=U4-4
Added Pin To Net: NetName=N6 Pin=U4-5
Added Pin To Net: NetName=N7 Pin=U4-6
Added Pin To Net: NetName=GND Pin=U4-8
Added Pin To Net: NetName=+3V3 Pin=U4-10
Added Pin To Net: NetName=CLOCK Pin=U4-11
Added Pin To Net: NetName=LATCH Pin=U4-12
Added Pin To Net: NetName=OE_n Pin=U4-13
Added Pin To Net: NetName=DAISY1 Pin=U4-14
Added Pin To Net: NetName=N1 Pin=U4-15
Added Pin To Net: NetName=+3V3 Pin=U4-16
Added Pin To Net: NetName=GND Pin=U4-17
Added Member To Class: ClassName=Main Member=Component U2 74HC595BQ-Q100,115
Added Member To Class: ClassName=Main Member=Component U4 74HC595BQ-Q100,115
