Removed Pin From Net: NetName=EN_MATRIX_n Pin=Q3-1
Removed Pin From Net: NetName=EN_MATRIX_n Pin=R2-1
Change Component Footprint: Designator=Q2 Old Footprint=SOT95P240X115-3N New Footprint=DFN65P100X40-3N
Change Component Footprint: Designator=Q4 Old Footprint=SOT95P240X115-3N New Footprint=DFN65P100X40-3N
Change Component Footprint: Designator=Q5 Old Footprint=SOT95P240X115-3N New Footprint=DFN65P100X40-3N
Change Component Footprint: Designator=Q6 Old Footprint=SOT95P240X115-3N New Footprint=DFN65P100X40-3N
Change Component Footprint: Designator=Q7 Old Footprint=SOT95P240X115-3N New Footprint=DFN65P100X40-3N
Change Component Footprint: Designator=Q8 Old Footprint=SOT95P240X115-3N New Footprint=DFN65P100X40-3N
Change Component Footprint: Designator=Q9 Old Footprint=SOT95P240X115-3N New Footprint=DFN65P100X40-3N
Change component parameters: Designator = "Q2" ("Q2"); Footprint = "SOT95P240X115-3N"; UniqueID = "\RKDKABMU" ("\RKDKABMU")
Change component parameters (AddParameter): Name = "FET Type"; Value = "P-CH"; VariantName = "[No Variations]"
Change component parameters (AddParameter): Name = "Id"; Value = "200mA"; VariantName = "[No Variations]"
Change component parameters (AddParameter): Name = "Manufacturer"; Value = "Diodes Incorporated"; VariantName = "[No Variations]"
Change component parameters (AddParameter): Name = "Manufacturer Part Number"; Value = "DMP210DUFB4-7"; VariantName = "[No Variations]"
Change component parameters (AddParameter): Name = "Package"; Value = "3-XFDFN"; VariantName = "[No Variations]"
Change component parameters (AddParameter): Name = "Part Number"; Value = "DMP210DUFB4-7"; VariantName = "[No Variations]"
Change component parameters (AddParameter): Name = "Supplier"; Value = "Digi-Key"; VariantName = "[No Variations]"
Change component parameters (AddParameter): Name = "Supplier Part Number"; Value = "DMP210DUFB4-7DICT-ND"; VariantName = "[No Variations]"
Change component parameters (AddParameter): Name = "Type"; Value = "P-CH"; VariantName = "[No Variations]"
Change component parameters (AddParameter): Name = "Vds"; Value = "20V"; VariantName = "[No Variations]"
Change component parameters (AddParameter): Name = "Vgs (Max)"; Value = "10V"; VariantName = "[No Variations]"
Change component parameters: Designator = "Q4" ("Q4"); Footprint = "SOT95P240X115-3N"; UniqueID = "\LFBAQOOS" ("\LFBAQOOS")
Change component parameters (AddParameter): Name = "FET Type"; Value = "P-CH"; VariantName = "[No Variations]"
Change component parameters (AddParameter): Name = "Id"; Value = "200mA"; VariantName = "[No Variations]"
Change component parameters (AddParameter): Name = "Manufacturer"; Value = "Diodes Incorporated"; VariantName = "[No Variations]"
Change component parameters (AddParameter): Name = "Manufacturer Part Number"; Value = "DMP210DUFB4-7"; VariantName = "[No Variations]"
Change component parameters (AddParameter): Name = "Package"; Value = "3-XFDFN"; VariantName = "[No Variations]"
Change component parameters (AddParameter): Name = "Part Number"; Value = "DMP210DUFB4-7"; VariantName = "[No Variations]"
Change component parameters (AddParameter): Name = "Supplier"; Value = "Digi-Key"; VariantName = "[No Variations]"
Change component parameters (AddParameter): Name = "Supplier Part Number"; Value = "DMP210DUFB4-7DICT-ND"; VariantName = "[No Variations]"
Change component parameters (AddParameter): Name = "Type"; Value = "P-CH"; VariantName = "[No Variations]"
Change component parameters (AddParameter): Name = "Vds"; Value = "20V"; VariantName = "[No Variations]"
Change component parameters (AddParameter): Name = "Vgs (Max)"; Value = "10V"; VariantName = "[No Variations]"
Change component parameters: Designator = "Q5" ("Q5"); Footprint = "SOT95P240X115-3N"; UniqueID = "\SZQDBTAM" ("\SZQDBTAM")
Change component parameters (AddParameter): Name = "FET Type"; Value = "P-CH"; VariantName = "[No Variations]"
Change component parameters (AddParameter): Name = "Id"; Value = "200mA"; VariantName = "[No Variations]"
Change component parameters (AddParameter): Name = "Manufacturer"; Value = "Diodes Incorporated"; VariantName = "[No Variations]"
Change component parameters (AddParameter): Name = "Manufacturer Part Number"; Value = "DMP210DUFB4-7"; VariantName = "[No Variations]"
Change component parameters (AddParameter): Name = "Package"; Value = "3-XFDFN"; VariantName = "[No Variations]"
Change component parameters (AddParameter): Name = "Part Number"; Value = "DMP210DUFB4-7"; VariantName = "[No Variations]"
Change component parameters (AddParameter): Name = "Supplier"; Value = "Digi-Key"; VariantName = "[No Variations]"
Change component parameters (AddParameter): Name = "Supplier Part Number"; Value = "DMP210DUFB4-7DICT-ND"; VariantName = "[No Variations]"
Change component parameters (AddParameter): Name = "Type"; Value = "P-CH"; VariantName = "[No Variations]"
Change component parameters (AddParameter): Name = "Vds"; Value = "20V"; VariantName = "[No Variations]"
Change component parameters (AddParameter): Name = "Vgs (Max)"; Value = "10V"; VariantName = "[No Variations]"
Change component parameters: Designator = "Q6" ("Q6"); Footprint = "SOT95P240X115-3N"; UniqueID = "\NWJYEJWG" ("\NWJYEJWG")
Change component parameters (AddParameter): Name = "FET Type"; Value = "P-CH"; VariantName = "[No Variations]"
Change component parameters (AddParameter): Name = "Id"; Value = "200mA"; VariantName = "[No Variations]"
Change component parameters (AddParameter): Name = "Manufacturer"; Value = "Diodes Incorporated"; VariantName = "[No Variations]"
Change component parameters (AddParameter): Name = "Manufacturer Part Number"; Value = "DMP210DUFB4-7"; VariantName = "[No Variations]"
Change component parameters (AddParameter): Name = "Package"; Value = "3-XFDFN"; VariantName = "[No Variations]"
Change component parameters (AddParameter): Name = "Part Number"; Value = "DMP210DUFB4-7"; VariantName = "[No Variations]"
Change component parameters (AddParameter): Name = "Supplier"; Value = "Digi-Key"; VariantName = "[No Variations]"
Change component parameters (AddParameter): Name = "Supplier Part Number"; Value = "DMP210DUFB4-7DICT-ND"; VariantName = "[No Variations]"
Change component parameters (AddParameter): Name = "Type"; Value = "P-CH"; VariantName = "[No Variations]"
Change component parameters (AddParameter): Name = "Vds"; Value = "20V"; VariantName = "[No Variations]"
Change component parameters (AddParameter): Name = "Vgs (Max)"; Value = "10V"; VariantName = "[No Variations]"
Change component parameters: Designator = "Q7" ("Q7"); Footprint = "SOT95P240X115-3N"; UniqueID = "\LTOIPQYV" ("\LTOIPQYV")
Change component parameters (AddParameter): Name = "FET Type"; Value = "P-CH"; VariantName = "[No Variations]"
Change component parameters (AddParameter): Name = "Id"; Value = "200mA"; VariantName = "[No Variations]"
Change component parameters (AddParameter): Name = "Manufacturer"; Value = "Diodes Incorporated"; VariantName = "[No Variations]"
Change component parameters (AddParameter): Name = "Manufacturer Part Number"; Value = "DMP210DUFB4-7"; VariantName = "[No Variations]"
Change component parameters (AddParameter): Name = "Package"; Value = "3-XFDFN"; VariantName = "[No Variations]"
Change component parameters (AddParameter): Name = "Part Number"; Value = "DMP210DUFB4-7"; VariantName = "[No Variations]"
Change component parameters (AddParameter): Name = "Supplier"; Value = "Digi-Key"; VariantName = "[No Variations]"
Change component parameters (AddParameter): Name = "Supplier Part Number"; Value = "DMP210DUFB4-7DICT-ND"; VariantName = "[No Variations]"
Change component parameters (AddParameter): Name = "Type"; Value = "P-CH"; VariantName = "[No Variations]"
Change component parameters (AddParameter): Name = "Vds"; Value = "20V"; VariantName = "[No Variations]"
Change component parameters (AddParameter): Name = "Vgs (Max)"; Value = "10V"; VariantName = "[No Variations]"
Change component parameters: Designator = "Q8" ("Q8"); Footprint = "SOT95P240X115-3N"; UniqueID = "\EEPQCAUL" ("\EEPQCAUL")
Change component parameters (AddParameter): Name = "FET Type"; Value = "P-CH"; VariantName = "[No Variations]"
Change component parameters (AddParameter): Name = "Id"; Value = "200mA"; VariantName = "[No Variations]"
Change component parameters (AddParameter): Name = "Manufacturer"; Value = "Diodes Incorporated"; VariantName = "[No Variations]"
Change component parameters (AddParameter): Name = "Manufacturer Part Number"; Value = "DMP210DUFB4-7"; VariantName = "[No Variations]"
Change component parameters (AddParameter): Name = "Package"; Value = "3-XFDFN"; VariantName = "[No Variations]"
Change component parameters (AddParameter): Name = "Part Number"; Value = "DMP210DUFB4-7"; VariantName = "[No Variations]"
Change component parameters (AddParameter): Name = "Supplier"; Value = "Digi-Key"; VariantName = "[No Variations]"
Change component parameters (AddParameter): Name = "Supplier Part Number"; Value = "DMP210DUFB4-7DICT-ND"; VariantName = "[No Variations]"
Change component parameters (AddParameter): Name = "Type"; Value = "P-CH"; VariantName = "[No Variations]"
Change component parameters (AddParameter): Name = "Vds"; Value = "20V"; VariantName = "[No Variations]"
Change component parameters (AddParameter): Name = "Vgs (Max)"; Value = "10V"; VariantName = "[No Variations]"
Change component parameters: Designator = "Q9" ("Q9"); Footprint = "SOT95P240X115-3N"; UniqueID = "\KQZPMWIQ" ("\KQZPMWIQ")
Change component parameters (AddParameter): Name = "FET Type"; Value = "P-CH"; VariantName = "[No Variations]"
Change component parameters (AddParameter): Name = "Id"; Value = "200mA"; VariantName = "[No Variations]"
Change component parameters (AddParameter): Name = "Manufacturer"; Value = "Diodes Incorporated"; VariantName = "[No Variations]"
Change component parameters (AddParameter): Name = "Manufacturer Part Number"; Value = "DMP210DUFB4-7"; VariantName = "[No Variations]"
Change component parameters (AddParameter): Name = "Package"; Value = "3-XFDFN"; VariantName = "[No Variations]"
Change component parameters (AddParameter): Name = "Part Number"; Value = "DMP210DUFB4-7"; VariantName = "[No Variations]"
Change component parameters (AddParameter): Name = "Supplier"; Value = "Digi-Key"; VariantName = "[No Variations]"
Change component parameters (AddParameter): Name = "Supplier Part Number"; Value = "DMP210DUFB4-7DICT-ND"; VariantName = "[No Variations]"
Change component parameters (AddParameter): Name = "Type"; Value = "P-CH"; VariantName = "[No Variations]"
Change component parameters (AddParameter): Name = "Vds"; Value = "20V"; VariantName = "[No Variations]"
Change component parameters (AddParameter): Name = "Vgs (Max)"; Value = "10V"; VariantName = "[No Variations]"
Change component parameters: Designator = "J1" ("J1"); Footprint = "TC2030-PKT-NL"; UniqueID = "\RMGPGTCP" ("\RMGPGTCP")
Change component parameters (AddParameter): Name = "Manufacturer"; Value = "Tag-Connect LLC"; VariantName = "[No Variations]"
Change component parameters (AddParameter): Name = "Mounting Type"; Value = "SM"; VariantName = "[No Variations]"
Change component parameters (AddParameter): Name = "Part Number"; Value = "TC2030-PKT-NL"; VariantName = "[No Variations]"
Change component parameters (AddParameter): Name = "Supplier"; Value = "Digi-Key"; VariantName = "[No Variations]"
Change component parameters (AddParameter): Name = "Supplier Part Number"; Value = "Tag-Connect LLC"; VariantName = "[No Variations]"
Added Component: Designator=R?(RESC1005X04N)
Add component (AddParameter): Name = "Manufacturer"; Value = "Stackpole Electronics Inc"; VariantName = "[No Variations]"
Add component (AddParameter): Name = "Package"; Value = "0402"; VariantName = "[No Variations]"
Add component (AddParameter): Name = "Package/Footprint"; Value = "0402"; VariantName = "[No Variations]"
Add component (AddParameter): Name = "Part Number"; Value = "RMCF0402FT100R"; VariantName = "[No Variations]"
Add component (AddParameter): Name = "Resistance"; Value = "100O"; VariantName = "[No Variations]"
Add component (AddParameter): Name = "Supplier"; Value = "Digi-Key"; VariantName = "[No Variations]"
Add component (AddParameter): Name = "Supplier Part Number"; Value = "RMCF0402FT100RCT-ND"; VariantName = "[No Variations]"
Add component (AddParameter): Name = "Value"; Value = "100O"; VariantName = "[No Variations]"
Added Pin To Net: NetName=EN_MATRIX_n Pin=R?-1
Added Pin To Net: NetName=NetQ3_1 Pin=Q3-1
Added Pin To Net: NetName=NetQ3_1 Pin=R2-1
Added Pin To Net: NetName=NetQ3_1 Pin=R?-2
Added Net: Name=NetQ3_1
Added Member To Class: ClassName=Main Member=Component R? Resistor
